[18:12:17.338] Global cache location '/home/jake/.cache/typescript/3.6', safe file path '/home/jake/.nvm/versions/node/v12.6.0/lib/node_modules/typescript/lib/typingSafeList.json', types map path /home/jake/.nvm/versions/node/v12.6.0/lib/node_modules/typescript/lib/typesMap.json
[18:12:17.338] Processing cache location '/home/jake/.cache/typescript/3.6'
[18:12:17.338] Trying to find '/home/jake/.cache/typescript/3.6/package.json'...
[18:12:17.343] Loaded content of '/home/jake/.cache/typescript/3.6/package.json': {"private":true,"dependencies":{"types-registry":"^0.1.481"},"devDependencies":{"@types/abbrev":"^1.1.1","@types/accepts":"^1.3.5","@types/acorn":"^4.0.5","@types/airbnb-prop-types":"^2.13.1","@types/ajv-errors":"^1.0.2","@types/ajv-keywords":"^3.4.0","@types/ansi-regex":"^4.0.0","@types/ansi-styles":"^3.2.1","@types/anymatch":"^1.3.1","@types/are-we-there-yet":"^1.1.0","@types/argparse":"^1.0.38","@types/arr-diff":"^4.0.0","@types/arr-union":"^3.1.0","@types/array-find-index":"^1.0.0","@types/array-unique":"^0.3.0","@types/array.prototype.flat":"^1.2.1","@types/asn1":"^0.2.0","@types/assert":"^1.4.6","@types/assert-plus":"^1.0.4","@types/async":"^3.0.8","@types/atob":"^2.1.2","@types/autoprefixer":"^9.7.0","@types/aws4":"^1.5.1","@types/babel-plugin-macros":"^2.8.1","@types/balanced-match":"^1.0.1","@types/base64-js":"^1.2.5","@types/big.js":"^4.0.5","@types/bluebird":"^3.5.29","@types/bn.js":"^4.11.6","@types/body-parser":"^1.19.0","@types/bonjour":"^3.5.5","@types/brace-expansion":"^1.1.0","@types/braces":"^3.0.0","@types/brorand":"^1.0.30","@types/browser-resolve":"0.0.5","@types/browserslist":"^4.8.0","@types/bser":"^2.0.0","@types/buffer-from":"^1.1.0","@types/buffer-xor":"^2.0.0","@types/bytes":"^3.1.0","@types/cacache":"^12.0.1","@types/caniuse-api":"^3.0.0","@types/caniuse-lite":"^1.0.0","@types/case-sensitive-paths-webpack-plugin":"^2.1.4","@types/caseless":"^0.12.2","@types/cheerio":"^0.22.16","@types/chownr":"^1.0.0","@types/ci-info":"^2.0.0","@types/cipher-base":"^1.0.0","@types/classnames":"^2.2.9","@types/clone-deep":"^4.0.1","@types/co":"^4.6.2","@types/color":"^3.0.0","@types/color-convert":"^1.9.0","@types/color-name":"^1.1.1","@types/color-string":"^1.5.0","@types/combined-stream":"^1.0.2","@types/commondir":"^1.0.0","@types/component-emitter":"^1.2.8","@types/compressible":"^2.0.0","@types/compression":"^1.7.0","@types/compression-webpack-plugin":"^2.0.1","@types/concat-map":"0.0.0","@types/concat-stream":"^1.6.0","@types/connect-history-api-fallback":"^1.3.3","@types/content-disposition":"^0.5.2","@types/content-type":"^1.1.3","@types/convert-source-map":"^1.5.1","@types/cookie":"^0.3.3","@types/cookie-signature":"^1.0.3","@types/core-js":"^2.5.3","@types/cosmiconfig":"^5.0.3","@types/create-hash":"^1.2.2","@types/create-hmac":"^1.1.0","@types/cross-spawn":"^6.0.1","@types/css-tree":"^1.0.3","@types/cssesc":"^3.0.0","@types/cssnano":"^4.0.0","@types/csso":"^3.5.1","@types/date-now":"^1.0.0","@types/debug":"^4.1.5","@types/decode-uri-component":"^0.2.0","@types/deep-equal":"^1.0.1","@types/default-gateway":"^3.0.1","@types/define-properties":"^1.1.2","@types/depd":"^1.1.32","@types/destroy":"^1.0.0","@types/detect-node":"^2.0.0","@types/diffie-hellman":"^5.0.0","@types/discontinuous-range":"^1.0.2","@types/domelementtype":"^1.3.0","@types/domexception":"^2.0.0","@types/domhandler":"^2.4.1","@types/domutils":"^1.7.2","@types/duplexify":"^3.6.0","@types/ee-first":"^1.1.0","@types/elliptic":"^6.4.12","@types/encodeurl":"^1.0.0","@types/end-of-stream":"^1.4.0","@types/enhanced-resolve":"^3.0.6","@types/entities":"^1.1.1","@types/enzyme":"^3.10.5","@types/enzyme-adapter-react-16":"^1.0.6","@types/enzyme-to-json":"^1.5.3","@types/es-to-primitive":"^1.2.0","@types/escape-html":"0.0.20","@types/escodegen":"0.0.6","@types/eslint-scope":"^3.7.0","@types/esprima":"^4.0.2","@types/estraverse":"0.0.6","@types/etag":"^1.8.0","@types/events":"^3.0.0","@types/eventsource":"^1.1.2","@types/exenv":"^1.2.0","@types/exit":"^0.1.30","@types/expand-tilde":"^2.0.0","@types/express":"^4.17.2","@types/extend":"^3.0.1","@types/extsprintf":"^1.4.1","@types/fast-json-stable-stringify":"^2.0.0","@types/fast-levenshtein":"0.0.1","@types/fb-watchman":"^2.0.0","@types/file-loader":"^4.2.0","@types/finalhandler":"^1.1.0","@types/find-cache-dir":"^2.0.0","@types/findup-sync":"^2.0.2","@types/flush-write-stream":"^1.0.0","@types/follow-redirects":"^1.8.0","@types/forever-agent":"^0.6.0","@types/forwarded":"^0.1.0","@types/fresh":"^0.5.0","@types/from2":"^2.3.0","@types/function-bind":"^1.1.1","@types/get-caller-file":"^1.0.0","@types/get-value":"^3.0.1","@types/getpass":"^0.1.0","@types/glob":"^7.1.1","@types/glob-parent":"^5.1.0","@types/global-modules":"^2.0.0","@types/global-prefix":"^3.0.0","@types/globule":"^1.1.3","@types/graceful-fs":"^4.1.3","@types/has-ansi":"^3.0.0","@types/history":"^4.7.5","@types/hoist-non-react-statics":"^3.3.1","@types/hosted-git-info":"^2.7.0","@types/html-entities":"^1.2.16","@types/htmlparser2":"^3.10.1","@types/http-errors":"^1.6.3","@types/http-proxy":"^1.17.3","@types/http-proxy-middleware":"^0.19.3","@types/icss-utils":"^4.1.0","@types/iferr":"^1.0.2","@types/imurmurhash":"^0.1.0","@types/inherits":"0.0.30","@types/ini":"^1.3.30","@types/interpret":"^1.1.1","@types/invariant":"^2.2.31","@types/ip":"^1.1.0","@types/is-buffer":"^2.0.0","@types/is-callable":"^1.1.0","@types/is-ci":"^2.0.0","@types/is-date-object":"^1.0.1","@types/is-finite":"^1.0.0","@types/is-glob":"^4.0.1","@types/is-number":"^7.0.0","@types/is-typedarray":"^1.0.0","@types/is-windows":"^1.0.0","@types/isarray":"^2.0.0","@types/isexe":"^2.0.0","@types/isstream":"^0.1.0","@types/istanbul-lib-coverage":"^2.0.1","@types/istanbul-lib-instrument":"^1.7.3","@types/istanbul-lib-report":"^3.0.0","@types/istanbul-lib-source-maps":"^1.2.2","@types/istanbul-reports":"^1.1.1","@types/jest-docblock":"^21.0.1","@types/jest-matcher-utils":"^21.0.2","@types/jquery":"^3.3.33","@types/js-base64":"^2.3.1","@types/js-levenshtein":"^1.1.0","@types/js-yaml":"^3.12.2","@types/jsbn":"^1.2.29","@types/jsdom":"^16.1.0","@types/jsesc":"^2.5.0","@types/json-parse-better-errors":"^1.0.0","@types/json-schema":"^7.0.4","@types/json-stringify-safe":"^5.0.0","@types/json3":"^3.3.2","@types/json5":"0.0.30","@types/kind-of":"^6.0.0","@types/loader-runner":"^2.2.3","@types/loader-utils":"^1.1.3","@types/lodash":"^4.14.149","@types/lodash.escape":"^4.0.6","@types/lodash.flattendeep":"^4.4.6","@types/lodash.get":"^4.4.6","@types/lodash.has":"^4.5.6","@types/lodash.isarguments":"^3.1.6","@types/lodash.isarray":"^4.0.6","@types/lodash.isequal":"^4.5.5","@types/lodash.istypedarray":"^4.0.6","@types/lodash.keys":"^4.2.6","@types/lodash.memoize":"^4.1.6","@types/lodash.sortby":"^4.7.6","@types/lodash.template":"^4.4.6","@types/lodash.uniq":"^4.5.6","@types/lru-cache":"^5.1.0","@types/media-typer":"^0.3.0","@types/memory-fs":"^0.3.2","@types/meow":"^5.0.0","@types/merge-descriptors":"^1.0.1","@types/merge-stream":"^1.1.2","@types/methods":"^1.1.0","@types/micromatch":"^4.0.1","@types/mime":"^2.0.1","@types/mime-db":"^1.27.0","@types/mime-types":"^2.1.0","@types/mini-css-extract-plugin":"^0.9.1","@types/minimalistic-assert":"^1.0.0","@types/minimatch":"^3.0.3","@types/minimist":"^1.2.0","@types/mkdirp":"^1.0.0","@types/moo":"^0.5.2","@types/move-concurrently":"^1.0.2","@types/ms":"^0.7.31","@types/natural-compare":"^1.4.0","@types/nearley":"^2.11.1","@types/negotiator":"^0.6.1","@types/nice-try":"^2.0.0","@types/node-forge":"^0.9.2","@types/node-int64":"^0.4.29","@types/node-notifier":"^5.4.0","@types/node-sass":"^4.11.0","@types/nopt":"^3.0.29","@types/normalize-package-data":"^2.4.0","@types/normalize-path":"^3.0.0","@types/npmlog":"^4.1.2","@types/num2fraction":"^1.2.0","@types/number-is-nan":"^1.0.0","@types/object-assign":"^4.0.30","@types/object-inspect":"^1.6.1","@types/object-keys":"^1.0.1","@types/object.getownpropertydescriptors":"^2.1.0","@types/object.pick":"^1.3.0","@types/on-finished":"^2.3.1","@types/on-headers":"^1.0.0","@types/once":"^1.4.0","@types/optimist":"0.0.29","@types/optimize-css-assets-webpack-plugin":"^5.0.1","@types/original":"^1.0.0","@types/os-homedir":"^1.0.0","@types/os-tmpdir":"^1.0.0","@types/osenv":"^0.1.0","@types/pako":"^1.0.1","@types/parallel-transform":"^1.1.0","@types/parse-json":"^4.0.0","@types/parse-passwd":"^1.0.0","@types/parseurl":"^1.3.1","@types/path-is-absolute":"^1.0.0","@types/path-is-inside":"^1.0.0","@types/path-parse":"^1.0.19","@types/pbkdf2":"^3.0.0","@types/pify":"^3.0.2","@types/postcss-calc":"^7.0.0","@types/postcss-load-config":"^2.0.1","@types/postcss-modules-extract-imports":"^2.0.0","@types/postcss-modules-local-by-default":"^1.2.0","@types/postcss-modules-scope":"^1.1.0","@types/postcss-modules-values":"^3.0.0","@types/prelude-ls":"^1.1.29","@types/promise-inflight":"^1.0.0","@types/prompts":"^2.0.3","@types/prop-types":"^15.7.3","@types/proxy-addr":"^2.0.0","@types/psl":"^1.1.0","@types/pump":"^1.1.0","@types/pumpify":"^1.4.1","@types/punycode":"^2.1.0","@types/q":"^1.5.2","@types/qs":"^6.9.1","@types/querystringify":"^2.0.0","@types/raf":"^3.4.0","@types/randombytes":"^2.0.0","@types/range-parser":"^1.2.3","@types/react":"^16.9.23","@types/react-dom":"^16.9.5","@types/react-is":"^16.7.1","@types/react-router":"^5.1.4","@types/react-router-dom":"^5.1.3","@types/react-test-renderer":"^16.9.2","@types/readable-stream":"^2.3.5","@types/repeat-element":"^1.1.0","@types/repeat-string":"^1.6.0","@types/repeating":"^3.0.0","@types/request":"^2.48.4","@types/request-promise-native":"^1.0.17","@types/require-directory":"^2.1.1","@types/requires-port":"^1.0.0","@types/resolve":"^1.14.0","@types/retry":"^0.12.0","@types/rimraf":"^2.0.3","@types/ripemd160":"^2.0.0","@types/rsvp":"^4.0.3","@types/safe-regex":"^1.1.2","@types/safer-buffer":"^2.1.0","@types/sane":"^2.0.0","@types/sass-graph":"^2.1.2","@types/sax":"^1.2.1","@types/scheduler":"^0.16.1","@types/schema-utils":"^1.0.0","@types/semver":"^7.1.0","@types/send":"^0.14.5","@types/serialize-javascript":"^1.5.0","@types/serve-index":"^1.7.30","@types/serve-static":"^1.13.3","@types/set-value":"^2.0.0","@types/setimmediate":"^1.0.0","@types/sha.js":"^2.4.0","@types/shallowequal":"^1.1.1","@types/shebang-command":"^1.2.0","@types/signal-exit":"^3.0.0","@types/sockjs":"^0.3.31","@types/sockjs-client":"^1.1.1","@types/source-list-map":"^0.1.2","@types/source-map-support":"^0.5.1","@types/spark-md5":"^3.0.2","@types/spdx-correct":"^2.0.0","@types/spdy":"^3.4.4","@types/sprintf":"^0.1.0","@types/sprintf-js":"^1.1.2","@types/sshpk":"^1.10.4","@types/ssri":"^6.0.1","@types/stack-utils":"^1.0.1","@types/statuses":"^1.5.0","@types/stdout-stream":"^1.4.0","@types/stream-each":"^1.2.0","@types/stream-shift":"^1.0.0","@types/strict-uri-encode":"^2.0.0","@types/supports-color":"^5.3.0","@types/svgo":"^1.3.0","@types/symbol-tree":"^3.2.0","@types/tapable":"^1.0.5","@types/tar":"^4.0.3","@types/terser-webpack-plugin":"^2.2.0","@types/through2":"^2.0.34","@types/timsort":"^0.3.0","@types/tough-cookie":"^2.3.6","@types/turbolinks":"^5.2.0","@types/type-check":"^0.3.27","@types/type-is":"^1.6.3","@types/uglify-js":"^3.0.4","@types/uniq":"0.0.27","@types/urix":"^0.1.0","@types/url-parse":"^1.4.3","@types/util-deprecate":"^1.0.0","@types/util.promisify":"^1.0.3","@types/utils-merge":"0.0.28","@types/uuid":"^7.0.0","@types/vary":"^1.1.0","@types/verror":"^1.10.3","@types/warning":"^3.0.0","@types/watchpack":"^1.1.5","@types/webidl-conversions":"^5.0.0","@types/webpack":"^4.41.6","@types/webpack-assets-manifest":"^3.0.0","@types/webpack-dev-middleware":"^2.0.3","@types/webpack-dev-server":"^3.10.0","@types/webpack-sources":"^0.1.6","@types/whatwg-mimetype":"^2.1.0","@types/whatwg-url":"^6.4.0","@types/which":"^1.3.2","@types/wordwrap":"^1.0.0","@types/wrap-ansi":"^3.0.0","@types/write-file-atomic":"^3.0.0","@types/ws":"^7.2.2","@types/xtend":"^4.0.2","@types/y18n":"^4.0.0","@types/yallist":"^3.0.1","@types/yargs":"^15.0.3","@types/yargs-parser":"^15.0.0"}}
[18:12:17.344] Loaded content of '/home/jake/.cache/typescript/3.6/package-lock.json'
[18:12:17.350] Adding entry into typings cache: 'abbrev' => '/home/jake/.cache/typescript/3.6/node_modules/@types/abbrev/index.d.ts'
[18:12:17.352] Adding entry into typings cache: 'accepts' => '/home/jake/.cache/typescript/3.6/node_modules/@types/accepts/index.d.ts'
[18:12:17.353] Adding entry into typings cache: 'acorn' => '/home/jake/.cache/typescript/3.6/node_modules/@types/acorn/index.d.ts'
[18:12:17.355] Adding entry into typings cache: 'airbnb-prop-types' => '/home/jake/.cache/typescript/3.6/node_modules/@types/airbnb-prop-types/index.d.ts'
[18:12:17.356] Adding entry into typings cache: 'ajv-errors' => '/home/jake/.cache/typescript/3.6/node_modules/@types/ajv-errors/index.d.ts'
[18:12:17.358] Adding entry into typings cache: 'ajv-keywords' => '/home/jake/.cache/typescript/3.6/node_modules/@types/ajv-keywords/index.d.ts'
[18:12:17.359] Adding entry into typings cache: 'ansi-regex' => '/home/jake/.cache/typescript/3.6/node_modules/@types/ansi-regex/index.d.ts'
[18:12:17.362] Adding entry into typings cache: 'ansi-styles' => '/home/jake/.cache/typescript/3.6/node_modules/@types/ansi-styles/index.d.ts'
[18:12:17.365] Adding entry into typings cache: 'anymatch' => '/home/jake/.cache/typescript/3.6/node_modules/@types/anymatch/index.d.ts'
[18:12:17.365] Adding entry into typings cache: 'are-we-there-yet' => '/home/jake/.cache/typescript/3.6/node_modules/@types/are-we-there-yet/index.d.ts'
[18:12:17.367] Adding entry into typings cache: 'argparse' => '/home/jake/.cache/typescript/3.6/node_modules/@types/argparse/index.d.ts'
[18:12:17.370] Adding entry into typings cache: 'arr-diff' => '/home/jake/.cache/typescript/3.6/node_modules/@types/arr-diff/index.d.ts'
[18:12:17.373] Adding entry into typings cache: 'arr-union' => '/home/jake/.cache/typescript/3.6/node_modules/@types/arr-union/index.d.ts'
[18:12:17.374] Adding entry into typings cache: 'array-find-index' => '/home/jake/.cache/typescript/3.6/node_modules/@types/array-find-index/index.d.ts'
[18:12:17.377] Adding entry into typings cache: 'array-unique' => '/home/jake/.cache/typescript/3.6/node_modules/@types/array-unique/index.d.ts'
[18:12:17.378] Adding entry into typings cache: 'array.prototype.flat' => '/home/jake/.cache/typescript/3.6/node_modules/@types/array.prototype.flat/index.d.ts'
[18:12:17.379] Adding entry into typings cache: 'asn1' => '/home/jake/.cache/typescript/3.6/node_modules/@types/asn1/index.d.ts'
[18:12:17.381] Adding entry into typings cache: 'assert' => '/home/jake/.cache/typescript/3.6/node_modules/@types/assert/index.d.ts'
[18:12:17.382] Adding entry into typings cache: 'assert-plus' => '/home/jake/.cache/typescript/3.6/node_modules/@types/assert-plus/index.d.ts'
[18:12:17.383] Adding entry into typings cache: 'async' => '/home/jake/.cache/typescript/3.6/node_modules/@types/async/index.d.ts'
[18:12:17.384] Adding entry into typings cache: 'atob' => '/home/jake/.cache/typescript/3.6/node_modules/@types/atob/index.d.ts'
[18:12:17.386] Adding entry into typings cache: 'autoprefixer' => '/home/jake/.cache/typescript/3.6/node_modules/@types/autoprefixer/index.d.ts'
[18:12:17.387] Adding entry into typings cache: 'aws4' => '/home/jake/.cache/typescript/3.6/node_modules/@types/aws4/index.d.ts'
[18:12:17.387] Adding entry into typings cache: 'babel-plugin-macros' => '/home/jake/.cache/typescript/3.6/node_modules/@types/babel-plugin-macros/index.d.ts'
[18:12:17.388] Adding entry into typings cache: 'balanced-match' => '/home/jake/.cache/typescript/3.6/node_modules/@types/balanced-match/index.d.ts'
[18:12:17.389] Adding entry into typings cache: 'base64-js' => '/home/jake/.cache/typescript/3.6/node_modules/@types/base64-js/index.d.ts'
[18:12:17.390] Adding entry into typings cache: 'big.js' => '/home/jake/.cache/typescript/3.6/node_modules/@types/big.js/index.d.ts'
[18:12:17.391] Adding entry into typings cache: 'bluebird' => '/home/jake/.cache/typescript/3.6/node_modules/@types/bluebird/index.d.ts'
[18:12:17.392] Adding entry into typings cache: 'bn.js' => '/home/jake/.cache/typescript/3.6/node_modules/@types/bn.js/index.d.ts'
[18:12:17.393] Adding entry into typings cache: 'body-parser' => '/home/jake/.cache/typescript/3.6/node_modules/@types/body-parser/index.d.ts'
[18:12:17.395] Adding entry into typings cache: 'bonjour' => '/home/jake/.cache/typescript/3.6/node_modules/@types/bonjour/index.d.ts'
[18:12:17.396] Adding entry into typings cache: 'brace-expansion' => '/home/jake/.cache/typescript/3.6/node_modules/@types/brace-expansion/index.d.ts'
[18:12:17.399] Adding entry into typings cache: 'braces' => '/home/jake/.cache/typescript/3.6/node_modules/@types/braces/index.d.ts'
[18:12:17.401] Adding entry into typings cache: 'brorand' => '/home/jake/.cache/typescript/3.6/node_modules/@types/brorand/index.d.ts'
[18:12:17.402] Adding entry into typings cache: 'browser-resolve' => '/home/jake/.cache/typescript/3.6/node_modules/@types/browser-resolve/index.d.ts'
[18:12:17.403] Adding entry into typings cache: 'browserslist' => '/home/jake/.cache/typescript/3.6/node_modules/@types/browserslist/index.d.ts'
[18:12:17.404] Adding entry into typings cache: 'bser' => '/home/jake/.cache/typescript/3.6/node_modules/@types/bser/index.d.ts'
[18:12:17.406] Adding entry into typings cache: 'buffer-from' => '/home/jake/.cache/typescript/3.6/node_modules/@types/buffer-from/index.d.ts'
[18:12:17.406] Adding entry into typings cache: 'buffer-xor' => '/home/jake/.cache/typescript/3.6/node_modules/@types/buffer-xor/index.d.ts'
[18:12:17.407] Adding entry into typings cache: 'bytes' => '/home/jake/.cache/typescript/3.6/node_modules/@types/bytes/index.d.ts'
[18:12:17.408] Adding entry into typings cache: 'cacache' => '/home/jake/.cache/typescript/3.6/node_modules/@types/cacache/index.d.ts'
[18:12:17.409] Adding entry into typings cache: 'caniuse-api' => '/home/jake/.cache/typescript/3.6/node_modules/@types/caniuse-api/index.d.ts'
[18:12:17.410] Adding entry into typings cache: 'caniuse-lite' => '/home/jake/.cache/typescript/3.6/node_modules/@types/caniuse-lite/index.d.ts'
[18:12:17.411] Adding entry into typings cache: 'case-sensitive-paths-webpack-plugin' => '/home/jake/.cache/typescript/3.6/node_modules/@types/case-sensitive-paths-webpack-plugin/index.d.ts'
[18:12:17.412] Adding entry into typings cache: 'caseless' => '/home/jake/.cache/typescript/3.6/node_modules/@types/caseless/index.d.ts'
[18:12:17.415] Adding entry into typings cache: 'cheerio' => '/home/jake/.cache/typescript/3.6/node_modules/@types/cheerio/index.d.ts'
[18:12:17.415] Adding entry into typings cache: 'chownr' => '/home/jake/.cache/typescript/3.6/node_modules/@types/chownr/index.d.ts'
[18:12:17.417] Adding entry into typings cache: 'ci-info' => '/home/jake/.cache/typescript/3.6/node_modules/@types/ci-info/index.d.ts'
[18:12:17.418] Adding entry into typings cache: 'cipher-base' => '/home/jake/.cache/typescript/3.6/node_modules/@types/cipher-base/index.d.ts'
[18:12:17.419] Adding entry into typings cache: 'classnames' => '/home/jake/.cache/typescript/3.6/node_modules/@types/classnames/index.d.ts'
[18:12:17.419] Adding entry into typings cache: 'clone-deep' => '/home/jake/.cache/typescript/3.6/node_modules/@types/clone-deep/index.d.ts'
[18:12:17.420] Adding entry into typings cache: 'co' => '/home/jake/.cache/typescript/3.6/node_modules/@types/co/index.d.ts'
[18:12:17.421] Adding entry into typings cache: 'color' => '/home/jake/.cache/typescript/3.6/node_modules/@types/color/index.d.ts'
[18:12:17.423] Adding entry into typings cache: 'color-convert' => '/home/jake/.cache/typescript/3.6/node_modules/@types/color-convert/index.d.ts'
[18:12:17.424] Adding entry into typings cache: 'color-name' => '/home/jake/.cache/typescript/3.6/node_modules/@types/color-name/index.d.ts'
[18:12:17.425] Adding entry into typings cache: 'color-string' => '/home/jake/.cache/typescript/3.6/node_modules/@types/color-string/index.d.ts'
[18:12:17.429] Adding entry into typings cache: 'combined-stream' => '/home/jake/.cache/typescript/3.6/node_modules/@types/combined-stream/index.d.ts'
[18:12:17.430] Adding entry into typings cache: 'commondir' => '/home/jake/.cache/typescript/3.6/node_modules/@types/commondir/index.d.ts'
[18:12:17.432] Adding entry into typings cache: 'component-emitter' => '/home/jake/.cache/typescript/3.6/node_modules/@types/component-emitter/index.d.ts'
[18:12:17.433] Adding entry into typings cache: 'compressible' => '/home/jake/.cache/typescript/3.6/node_modules/@types/compressible/index.d.ts'
[18:12:17.434] Adding entry into typings cache: 'compression' => '/home/jake/.cache/typescript/3.6/node_modules/@types/compression/index.d.ts'
[18:12:17.436] Adding entry into typings cache: 'compression-webpack-plugin' => '/home/jake/.cache/typescript/3.6/node_modules/@types/compression-webpack-plugin/index.d.ts'
[18:12:17.437] Adding entry into typings cache: 'concat-map' => '/home/jake/.cache/typescript/3.6/node_modules/@types/concat-map/index.d.ts'
[18:12:17.437] Adding entry into typings cache: 'concat-stream' => '/home/jake/.cache/typescript/3.6/node_modules/@types/concat-stream/index.d.ts'
[18:12:17.438] Adding entry into typings cache: 'connect-history-api-fallback' => '/home/jake/.cache/typescript/3.6/node_modules/@types/connect-history-api-fallback/index.d.ts'
[18:12:17.439] Adding entry into typings cache: 'content-disposition' => '/home/jake/.cache/typescript/3.6/node_modules/@types/content-disposition/index.d.ts'
[18:12:17.440] Adding entry into typings cache: 'content-type' => '/home/jake/.cache/typescript/3.6/node_modules/@types/content-type/index.d.ts'
[18:12:17.440] Adding entry into typings cache: 'convert-source-map' => '/home/jake/.cache/typescript/3.6/node_modules/@types/convert-source-map/index.d.ts'
[18:12:17.441] Adding entry into typings cache: 'cookie' => '/home/jake/.cache/typescript/3.6/node_modules/@types/cookie/index.d.ts'
[18:12:17.443] Adding entry into typings cache: 'cookie-signature' => '/home/jake/.cache/typescript/3.6/node_modules/@types/cookie-signature/index.d.ts'
[18:12:17.444] Adding entry into typings cache: 'core-js' => '/home/jake/.cache/typescript/3.6/node_modules/@types/core-js/index.d.ts'
[18:12:17.445] Adding entry into typings cache: 'cosmiconfig' => '/home/jake/.cache/typescript/3.6/node_modules/cosmiconfig/dist/index.d.ts'
[18:12:17.447] Adding entry into typings cache: 'create-hash' => '/home/jake/.cache/typescript/3.6/node_modules/@types/create-hash/index.d.ts'
[18:12:17.448] Adding entry into typings cache: 'create-hmac' => '/home/jake/.cache/typescript/3.6/node_modules/@types/create-hmac/index.d.ts'
[18:12:17.450] Adding entry into typings cache: 'cross-spawn' => '/home/jake/.cache/typescript/3.6/node_modules/@types/cross-spawn/index.d.ts'
[18:12:17.451] Adding entry into typings cache: 'css-tree' => '/home/jake/.cache/typescript/3.6/node_modules/@types/css-tree/index.d.ts'
[18:12:17.452] Adding entry into typings cache: 'cssesc' => '/home/jake/.cache/typescript/3.6/node_modules/@types/cssesc/index.d.ts'
[18:12:17.453] Adding entry into typings cache: 'cssnano' => '/home/jake/.cache/typescript/3.6/node_modules/@types/cssnano/index.d.ts'
[18:12:17.454] Adding entry into typings cache: 'csso' => '/home/jake/.cache/typescript/3.6/node_modules/@types/csso/index.d.ts'
[18:12:17.456] Adding entry into typings cache: 'date-now' => '/home/jake/.cache/typescript/3.6/node_modules/@types/date-now/index.d.ts'
[18:12:17.460] Adding entry into typings cache: 'debug' => '/home/jake/.cache/typescript/3.6/node_modules/@types/debug/index.d.ts'
[18:12:17.462] Adding entry into typings cache: 'decode-uri-component' => '/home/jake/.cache/typescript/3.6/node_modules/@types/decode-uri-component/index.d.ts'
[18:12:17.463] Adding entry into typings cache: 'deep-equal' => '/home/jake/.cache/typescript/3.6/node_modules/@types/deep-equal/index.d.ts'
[18:12:17.464] Adding entry into typings cache: 'default-gateway' => '/home/jake/.cache/typescript/3.6/node_modules/@types/default-gateway/index.d.ts'
[18:12:17.464] Adding entry into typings cache: 'define-properties' => '/home/jake/.cache/typescript/3.6/node_modules/@types/define-properties/index.d.ts'
[18:12:17.465] Adding entry into typings cache: 'depd' => '/home/jake/.cache/typescript/3.6/node_modules/@types/depd/index.d.ts'
[18:12:17.466] Adding entry into typings cache: 'destroy' => '/home/jake/.cache/typescript/3.6/node_modules/@types/destroy/index.d.ts'
[18:12:17.467] Adding entry into typings cache: 'detect-node' => '/home/jake/.cache/typescript/3.6/node_modules/@types/detect-node/index.d.ts'
[18:12:17.468] Adding entry into typings cache: 'diffie-hellman' => '/home/jake/.cache/typescript/3.6/node_modules/@types/diffie-hellman/index.d.ts'
[18:12:17.468] Adding entry into typings cache: 'discontinuous-range' => '/home/jake/.cache/typescript/3.6/node_modules/@types/discontinuous-range/index.d.ts'
[18:12:17.469] Adding entry into typings cache: 'domelementtype' => '/home/jake/.cache/typescript/3.6/node_modules/@types/domelementtype/index.d.ts'
[18:12:17.470] Adding entry into typings cache: 'domexception' => '/home/jake/.cache/typescript/3.6/node_modules/@types/domexception/index.d.ts'
[18:12:17.471] Adding entry into typings cache: 'domhandler' => '/home/jake/.cache/typescript/3.6/node_modules/@types/domhandler/index.d.ts'
[18:12:17.471] Adding entry into typings cache: 'domutils' => '/home/jake/.cache/typescript/3.6/node_modules/@types/domutils/index.d.ts'
[18:12:17.472] Adding entry into typings cache: 'duplexify' => '/home/jake/.cache/typescript/3.6/node_modules/@types/duplexify/index.d.ts'
[18:12:17.473] Adding entry into typings cache: 'ee-first' => '/home/jake/.cache/typescript/3.6/node_modules/@types/ee-first/index.d.ts'
[18:12:17.474] Adding entry into typings cache: 'elliptic' => '/home/jake/.cache/typescript/3.6/node_modules/@types/elliptic/index.d.ts'
[18:12:17.474] Adding entry into typings cache: 'encodeurl' => '/home/jake/.cache/typescript/3.6/node_modules/@types/encodeurl/index.d.ts'
[18:12:17.475] Adding entry into typings cache: 'end-of-stream' => '/home/jake/.cache/typescript/3.6/node_modules/@types/end-of-stream/index.d.ts'
[18:12:17.476] Adding entry into typings cache: 'enhanced-resolve' => '/home/jake/.cache/typescript/3.6/node_modules/@types/enhanced-resolve/index.d.ts'
[18:12:17.476] Adding entry into typings cache: 'entities' => '/home/jake/.cache/typescript/3.6/node_modules/@types/entities/index.d.ts'
[18:12:17.477] Adding entry into typings cache: 'enzyme' => '/home/jake/.cache/typescript/3.6/node_modules/@types/enzyme/index.d.ts'
[18:12:17.478] Adding entry into typings cache: 'enzyme-adapter-react-16' => '/home/jake/.cache/typescript/3.6/node_modules/@types/enzyme-adapter-react-16/index.d.ts'
[18:12:17.479] Adding entry into typings cache: 'enzyme-to-json' => '/home/jake/.cache/typescript/3.6/node_modules/@types/enzyme-to-json/index.d.ts'
[18:12:17.480] Adding entry into typings cache: 'es-to-primitive' => '/home/jake/.cache/typescript/3.6/node_modules/@types/es-to-primitive/ts3.1/index.d.ts'
[18:12:17.481] Adding entry into typings cache: 'escape-html' => '/home/jake/.cache/typescript/3.6/node_modules/@types/escape-html/index.d.ts'
[18:12:17.482] Adding entry into typings cache: 'escodegen' => '/home/jake/.cache/typescript/3.6/node_modules/@types/escodegen/index.d.ts'
[18:12:17.483] Adding entry into typings cache: 'eslint-scope' => '/home/jake/.cache/typescript/3.6/node_modules/@types/eslint-scope/index.d.ts'
[18:12:17.483] Adding entry into typings cache: 'esprima' => '/home/jake/.cache/typescript/3.6/node_modules/@types/esprima/index.d.ts'
[18:12:17.484] Adding entry into typings cache: 'estraverse' => '/home/jake/.cache/typescript/3.6/node_modules/@types/estraverse/index.d.ts'
[18:12:17.485] Adding entry into typings cache: 'etag' => '/home/jake/.cache/typescript/3.6/node_modules/@types/etag/index.d.ts'
[18:12:17.486] Adding entry into typings cache: 'events' => '/home/jake/.cache/typescript/3.6/node_modules/@types/events/index.d.ts'
[18:12:17.486] Adding entry into typings cache: 'eventsource' => '/home/jake/.cache/typescript/3.6/node_modules/@types/eventsource/index.d.ts'
[18:12:17.487] Adding entry into typings cache: 'exenv' => '/home/jake/.cache/typescript/3.6/node_modules/@types/exenv/index.d.ts'
[18:12:17.488] Adding entry into typings cache: 'exit' => '/home/jake/.cache/typescript/3.6/node_modules/@types/exit/index.d.ts'
[18:12:17.488] Adding entry into typings cache: 'expand-tilde' => '/home/jake/.cache/typescript/3.6/node_modules/@types/expand-tilde/index.d.ts'
[18:12:17.489] Adding entry into typings cache: 'express' => '/home/jake/.cache/typescript/3.6/node_modules/@types/express/index.d.ts'
[18:12:17.490] Adding entry into typings cache: 'extend' => '/home/jake/.cache/typescript/3.6/node_modules/@types/extend/index.d.ts'
[18:12:17.490] Adding entry into typings cache: 'extsprintf' => '/home/jake/.cache/typescript/3.6/node_modules/@types/extsprintf/index.d.ts'
[18:12:17.492] Adding entry into typings cache: 'fast-json-stable-stringify' => '/home/jake/.cache/typescript/3.6/node_modules/@types/fast-json-stable-stringify/index.d.ts'
[18:12:17.493] Adding entry into typings cache: 'fast-levenshtein' => '/home/jake/.cache/typescript/3.6/node_modules/@types/fast-levenshtein/index.d.ts'
[18:12:17.494] Adding entry into typings cache: 'fb-watchman' => '/home/jake/.cache/typescript/3.6/node_modules/@types/fb-watchman/index.d.ts'
[18:12:17.495] Adding entry into typings cache: 'file-loader' => '/home/jake/.cache/typescript/3.6/node_modules/@types/file-loader/index.d.ts'
[18:12:17.496] Adding entry into typings cache: 'finalhandler' => '/home/jake/.cache/typescript/3.6/node_modules/@types/finalhandler/index.d.ts'
[18:12:17.496] Adding entry into typings cache: 'find-cache-dir' => '/home/jake/.cache/typescript/3.6/node_modules/@types/find-cache-dir/index.d.ts'
[18:12:17.497] Adding entry into typings cache: 'findup-sync' => '/home/jake/.cache/typescript/3.6/node_modules/@types/findup-sync/index.d.ts'
[18:12:17.498] Adding entry into typings cache: 'flush-write-stream' => '/home/jake/.cache/typescript/3.6/node_modules/@types/flush-write-stream/index.d.ts'
[18:12:17.499] Adding entry into typings cache: 'follow-redirects' => '/home/jake/.cache/typescript/3.6/node_modules/@types/follow-redirects/index.d.ts'
[18:12:17.499] Adding entry into typings cache: 'forever-agent' => '/home/jake/.cache/typescript/3.6/node_modules/@types/forever-agent/index.d.ts'
[18:12:17.500] Adding entry into typings cache: 'forwarded' => '/home/jake/.cache/typescript/3.6/node_modules/@types/forwarded/index.d.ts'
[18:12:17.501] Adding entry into typings cache: 'fresh' => '/home/jake/.cache/typescript/3.6/node_modules/@types/fresh/index.d.ts'
[18:12:17.502] Adding entry into typings cache: 'from2' => '/home/jake/.cache/typescript/3.6/node_modules/@types/from2/index.d.ts'
[18:12:17.503] Adding entry into typings cache: 'function-bind' => '/home/jake/.cache/typescript/3.6/node_modules/@types/function-bind/ts3.3/index.d.ts'
[18:12:17.503] Adding entry into typings cache: 'get-caller-file' => '/home/jake/.cache/typescript/3.6/node_modules/@types/get-caller-file/index.d.ts'
[18:12:17.505] Adding entry into typings cache: 'get-value' => '/home/jake/.cache/typescript/3.6/node_modules/@types/get-value/index.d.ts'
[18:12:17.506] Adding entry into typings cache: 'getpass' => '/home/jake/.cache/typescript/3.6/node_modules/@types/getpass/index.d.ts'
[18:12:17.507] Adding entry into typings cache: 'glob' => '/home/jake/.cache/typescript/3.6/node_modules/@types/glob/index.d.ts'
[18:12:17.508] Adding entry into typings cache: 'glob-parent' => '/home/jake/.cache/typescript/3.6/node_modules/@types/glob-parent/index.d.ts'
[18:12:17.509] Adding entry into typings cache: 'global-modules' => '/home/jake/.cache/typescript/3.6/node_modules/@types/global-modules/index.d.ts'
[18:12:17.510] Adding entry into typings cache: 'global-prefix' => '/home/jake/.cache/typescript/3.6/node_modules/@types/global-prefix/index.d.ts'
[18:12:17.510] Adding entry into typings cache: 'globule' => '/home/jake/.cache/typescript/3.6/node_modules/@types/globule/index.d.ts'
[18:12:17.511] Adding entry into typings cache: 'graceful-fs' => '/home/jake/.cache/typescript/3.6/node_modules/@types/graceful-fs/index.d.ts'
[18:12:17.512] Adding entry into typings cache: 'has-ansi' => '/home/jake/.cache/typescript/3.6/node_modules/@types/has-ansi/index.d.ts'
[18:12:17.513] Adding entry into typings cache: 'history' => '/home/jake/.cache/typescript/3.6/node_modules/@types/history/index.d.ts'
[18:12:17.514] Adding entry into typings cache: 'hoist-non-react-statics' => '/home/jake/.cache/typescript/3.6/node_modules/@types/hoist-non-react-statics/index.d.ts'
[18:12:17.514] Adding entry into typings cache: 'hosted-git-info' => '/home/jake/.cache/typescript/3.6/node_modules/@types/hosted-git-info/index.d.ts'
[18:12:17.515] Adding entry into typings cache: 'html-entities' => '/home/jake/.cache/typescript/3.6/node_modules/@types/html-entities/index.d.ts'
[18:12:17.516] Adding entry into typings cache: 'htmlparser2' => '/home/jake/.cache/typescript/3.6/node_modules/@types/htmlparser2/index.d.ts'
[18:12:17.516] Adding entry into typings cache: 'http-errors' => '/home/jake/.cache/typescript/3.6/node_modules/@types/http-errors/index.d.ts'
[18:12:17.517] Adding entry into typings cache: 'http-proxy' => '/home/jake/.cache/typescript/3.6/node_modules/@types/http-proxy/index.d.ts'
[18:12:17.518] Adding entry into typings cache: 'http-proxy-middleware' => '/home/jake/.cache/typescript/3.6/node_modules/@types/http-proxy-middleware/index.d.ts'
[18:12:17.519] Adding entry into typings cache: 'icss-utils' => '/home/jake/.cache/typescript/3.6/node_modules/@types/icss-utils/index.d.ts'
[18:12:17.520] Adding entry into typings cache: 'iferr' => '/home/jake/.cache/typescript/3.6/node_modules/@types/iferr/index.d.ts'
[18:12:17.521] Adding entry into typings cache: 'imurmurhash' => '/home/jake/.cache/typescript/3.6/node_modules/@types/imurmurhash/index.d.ts'
[18:12:17.522] Adding entry into typings cache: 'inherits' => '/home/jake/.cache/typescript/3.6/node_modules/@types/inherits/index.d.ts'
[18:12:17.523] Adding entry into typings cache: 'ini' => '/home/jake/.cache/typescript/3.6/node_modules/@types/ini/index.d.ts'
[18:12:17.524] Adding entry into typings cache: 'interpret' => '/home/jake/.cache/typescript/3.6/node_modules/@types/interpret/index.d.ts'
[18:12:17.524] Adding entry into typings cache: 'invariant' => '/home/jake/.cache/typescript/3.6/node_modules/@types/invariant/index.d.ts'
[18:12:17.525] Adding entry into typings cache: 'ip' => '/home/jake/.cache/typescript/3.6/node_modules/@types/ip/index.d.ts'
[18:12:17.526] Adding entry into typings cache: 'is-buffer' => '/home/jake/.cache/typescript/3.6/node_modules/@types/is-buffer/index.d.ts'
[18:12:17.526] Adding entry into typings cache: 'is-callable' => '/home/jake/.cache/typescript/3.6/node_modules/@types/is-callable/index.d.ts'
[18:12:17.527] Adding entry into typings cache: 'is-ci' => '/home/jake/.cache/typescript/3.6/node_modules/@types/is-ci/index.d.ts'
[18:12:17.528] Adding entry into typings cache: 'is-date-object' => '/home/jake/.cache/typescript/3.6/node_modules/@types/is-date-object/index.d.ts'
[18:12:17.528] Adding entry into typings cache: 'is-finite' => '/home/jake/.cache/typescript/3.6/node_modules/@types/is-finite/index.d.ts'
[18:12:17.529] Adding entry into typings cache: 'is-glob' => '/home/jake/.cache/typescript/3.6/node_modules/@types/is-glob/index.d.ts'
[18:12:17.530] Adding entry into typings cache: 'is-number' => '/home/jake/.cache/typescript/3.6/node_modules/@types/is-number/index.d.ts'
[18:12:17.531] Adding entry into typings cache: 'is-typedarray' => '/home/jake/.cache/typescript/3.6/node_modules/@types/is-typedarray/index.d.ts'
[18:12:17.532] Adding entry into typings cache: 'is-windows' => '/home/jake/.cache/typescript/3.6/node_modules/@types/is-windows/index.d.ts'
[18:12:17.533] Adding entry into typings cache: 'isarray' => '/home/jake/.cache/typescript/3.6/node_modules/@types/isarray/index.d.ts'
[18:12:17.534] Adding entry into typings cache: 'isexe' => '/home/jake/.cache/typescript/3.6/node_modules/@types/isexe/index.d.ts'
[18:12:17.535] Adding entry into typings cache: 'isstream' => '/home/jake/.cache/typescript/3.6/node_modules/@types/isstream/index.d.ts'
[18:12:17.536] Adding entry into typings cache: 'istanbul-lib-coverage' => '/home/jake/.cache/typescript/3.6/node_modules/@types/istanbul-lib-coverage/index.d.ts'
[18:12:17.537] Adding entry into typings cache: 'istanbul-lib-instrument' => '/home/jake/.cache/typescript/3.6/node_modules/@types/istanbul-lib-instrument/index.d.ts'
[18:12:17.538] Adding entry into typings cache: 'istanbul-lib-report' => '/home/jake/.cache/typescript/3.6/node_modules/@types/istanbul-lib-report/index.d.ts'
[18:12:17.539] Adding entry into typings cache: 'istanbul-lib-source-maps' => '/home/jake/.cache/typescript/3.6/node_modules/@types/istanbul-lib-source-maps/index.d.ts'
[18:12:17.540] Adding entry into typings cache: 'istanbul-reports' => '/home/jake/.cache/typescript/3.6/node_modules/@types/istanbul-reports/index.d.ts'
[18:12:17.541] Adding entry into typings cache: 'jest-docblock' => '/home/jake/.cache/typescript/3.6/node_modules/@types/jest-docblock/index.d.ts'
[18:12:17.542] Adding entry into typings cache: 'jest-matcher-utils' => '/home/jake/.cache/typescript/3.6/node_modules/@types/jest-matcher-utils/index.d.ts'
[18:12:17.543] Adding entry into typings cache: 'jquery' => '/home/jake/.cache/typescript/3.6/node_modules/@types/jquery/index.d.ts'
[18:12:17.544] Adding entry into typings cache: 'js-base64' => '/home/jake/.cache/typescript/3.6/node_modules/@types/js-base64/index.d.ts'
[18:12:17.545] Adding entry into typings cache: 'js-levenshtein' => '/home/jake/.cache/typescript/3.6/node_modules/@types/js-levenshtein/index.d.ts'
[18:12:17.545] Adding entry into typings cache: 'js-yaml' => '/home/jake/.cache/typescript/3.6/node_modules/@types/js-yaml/index.d.ts'
[18:12:17.546] Adding entry into typings cache: 'jsbn' => '/home/jake/.cache/typescript/3.6/node_modules/@types/jsbn/index.d.ts'
[18:12:17.547] Adding entry into typings cache: 'jsdom' => '/home/jake/.cache/typescript/3.6/node_modules/@types/jsdom/ts3.1/index.d.ts'
[18:12:17.547] Adding entry into typings cache: 'jsesc' => '/home/jake/.cache/typescript/3.6/node_modules/@types/jsesc/index.d.ts'
[18:12:17.548] Adding entry into typings cache: 'json-parse-better-errors' => '/home/jake/.cache/typescript/3.6/node_modules/@types/json-parse-better-errors/index.d.ts'
[18:12:17.549] Adding entry into typings cache: 'json-schema' => '/home/jake/.cache/typescript/3.6/node_modules/@types/json-schema/index.d.ts'
[18:12:17.549] Adding entry into typings cache: 'json-stringify-safe' => '/home/jake/.cache/typescript/3.6/node_modules/@types/json-stringify-safe/index.d.ts'
[18:12:17.550] Adding entry into typings cache: 'json3' => '/home/jake/.cache/typescript/3.6/node_modules/@types/json3/index.d.ts'
[18:12:17.550] Adding entry into typings cache: 'json5' => '/home/jake/.cache/typescript/3.6/node_modules/@types/json5/index.d.ts'
[18:12:17.552] Adding entry into typings cache: 'kind-of' => '/home/jake/.cache/typescript/3.6/node_modules/@types/kind-of/index.d.ts'
[18:12:17.552] Adding entry into typings cache: 'loader-runner' => '/home/jake/.cache/typescript/3.6/node_modules/@types/loader-runner/index.d.ts'
[18:12:17.553] Adding entry into typings cache: 'loader-utils' => '/home/jake/.cache/typescript/3.6/node_modules/@types/loader-utils/index.d.ts'
[18:12:17.555] Adding entry into typings cache: 'lodash' => '/home/jake/.cache/typescript/3.6/node_modules/@types/lodash/ts3.1/index.d.ts'
[18:12:17.555] Adding entry into typings cache: 'lodash.escape' => '/home/jake/.cache/typescript/3.6/node_modules/@types/lodash.escape/index.d.ts'
[18:12:17.557] Adding entry into typings cache: 'lodash.flattendeep' => '/home/jake/.cache/typescript/3.6/node_modules/@types/lodash.flattendeep/index.d.ts'
[18:12:17.557] Adding entry into typings cache: 'lodash.get' => '/home/jake/.cache/typescript/3.6/node_modules/@types/lodash.get/index.d.ts'
[18:12:17.558] Adding entry into typings cache: 'lodash.has' => '/home/jake/.cache/typescript/3.6/node_modules/@types/lodash.has/index.d.ts'
[18:12:17.558] Adding entry into typings cache: 'lodash.isarguments' => '/home/jake/.cache/typescript/3.6/node_modules/@types/lodash.isarguments/index.d.ts'
[18:12:17.559] Adding entry into typings cache: 'lodash.isarray' => '/home/jake/.cache/typescript/3.6/node_modules/@types/lodash.isarray/index.d.ts'
[18:12:17.560] Adding entry into typings cache: 'lodash.isequal' => '/home/jake/.cache/typescript/3.6/node_modules/@types/lodash.isequal/index.d.ts'
[18:12:17.560] Adding entry into typings cache: 'lodash.istypedarray' => '/home/jake/.cache/typescript/3.6/node_modules/@types/lodash.istypedarray/index.d.ts'
[18:12:17.561] Adding entry into typings cache: 'lodash.keys' => '/home/jake/.cache/typescript/3.6/node_modules/@types/lodash.keys/index.d.ts'
[18:12:17.562] Adding entry into typings cache: 'lodash.memoize' => '/home/jake/.cache/typescript/3.6/node_modules/@types/lodash.memoize/index.d.ts'
[18:12:17.562] Adding entry into typings cache: 'lodash.sortby' => '/home/jake/.cache/typescript/3.6/node_modules/@types/lodash.sortby/index.d.ts'
[18:12:17.563] Adding entry into typings cache: 'lodash.template' => '/home/jake/.cache/typescript/3.6/node_modules/@types/lodash.template/index.d.ts'
[18:12:17.563] Adding entry into typings cache: 'lodash.uniq' => '/home/jake/.cache/typescript/3.6/node_modules/@types/lodash.uniq/index.d.ts'
[18:12:17.565] Adding entry into typings cache: 'lru-cache' => '/home/jake/.cache/typescript/3.6/node_modules/@types/lru-cache/index.d.ts'
[18:12:17.565] Adding entry into typings cache: 'media-typer' => '/home/jake/.cache/typescript/3.6/node_modules/@types/media-typer/index.d.ts'
[18:12:17.566] Adding entry into typings cache: 'memory-fs' => '/home/jake/.cache/typescript/3.6/node_modules/@types/memory-fs/index.d.ts'
[18:12:17.566] Adding entry into typings cache: 'meow' => '/home/jake/.cache/typescript/3.6/node_modules/@types/meow/index.d.ts'
[18:12:17.568] Adding entry into typings cache: 'merge-descriptors' => '/home/jake/.cache/typescript/3.6/node_modules/@types/merge-descriptors/index.d.ts'
[18:12:17.568] Adding entry into typings cache: 'merge-stream' => '/home/jake/.cache/typescript/3.6/node_modules/@types/merge-stream/index.d.ts'
[18:12:17.569] Adding entry into typings cache: 'methods' => '/home/jake/.cache/typescript/3.6/node_modules/@types/methods/index.d.ts'
[18:12:17.571] Adding entry into typings cache: 'micromatch' => '/home/jake/.cache/typescript/3.6/node_modules/@types/micromatch/index.d.ts'
[18:12:17.572] Adding entry into typings cache: 'mime' => '/home/jake/.cache/typescript/3.6/node_modules/@types/mime/index.d.ts'
[18:12:17.573] Adding entry into typings cache: 'mime-db' => '/home/jake/.cache/typescript/3.6/node_modules/@types/mime-db/index.d.ts'
[18:12:17.574] Adding entry into typings cache: 'mime-types' => '/home/jake/.cache/typescript/3.6/node_modules/@types/mime-types/index.d.ts'
[18:12:17.574] Adding entry into typings cache: 'mini-css-extract-plugin' => '/home/jake/.cache/typescript/3.6/node_modules/@types/mini-css-extract-plugin/index.d.ts'
[18:12:17.575] Adding entry into typings cache: 'minimalistic-assert' => '/home/jake/.cache/typescript/3.6/node_modules/@types/minimalistic-assert/index.d.ts'
[18:12:17.576] Adding entry into typings cache: 'minimatch' => '/home/jake/.cache/typescript/3.6/node_modules/@types/minimatch/index.d.ts'
[18:12:17.576] Adding entry into typings cache: 'minimist' => '/home/jake/.cache/typescript/3.6/node_modules/@types/minimist/index.d.ts'
[18:12:17.577] Adding entry into typings cache: 'mkdirp' => '/home/jake/.cache/typescript/3.6/node_modules/@types/mkdirp/index.d.ts'
[18:12:17.577] Adding entry into typings cache: 'moo' => '/home/jake/.cache/typescript/3.6/node_modules/@types/moo/index.d.ts'
[18:12:17.578] Adding entry into typings cache: 'move-concurrently' => '/home/jake/.cache/typescript/3.6/node_modules/@types/move-concurrently/index.d.ts'
[18:12:17.580] Adding entry into typings cache: 'ms' => '/home/jake/.cache/typescript/3.6/node_modules/@types/ms/index.d.ts'
[18:12:17.580] Adding entry into typings cache: 'natural-compare' => '/home/jake/.cache/typescript/3.6/node_modules/@types/natural-compare/index.d.ts'
[18:12:17.581] Adding entry into typings cache: 'nearley' => '/home/jake/.cache/typescript/3.6/node_modules/@types/nearley/index.d.ts'
[18:12:17.582] Adding entry into typings cache: 'negotiator' => '/home/jake/.cache/typescript/3.6/node_modules/@types/negotiator/index.d.ts'
[18:12:17.583] Adding entry into typings cache: 'nice-try' => '/home/jake/.cache/typescript/3.6/node_modules/@types/nice-try/index.d.ts'
[18:12:17.584] Adding entry into typings cache: 'node-forge' => '/home/jake/.cache/typescript/3.6/node_modules/@types/node-forge/index.d.ts'
[18:12:17.584] Adding entry into typings cache: 'node-int64' => '/home/jake/.cache/typescript/3.6/node_modules/@types/node-int64/index.d.ts'
[18:12:17.585] Adding entry into typings cache: 'node-notifier' => '/home/jake/.cache/typescript/3.6/node_modules/@types/node-notifier/index.d.ts'
[18:12:17.586] Adding entry into typings cache: 'node-sass' => '/home/jake/.cache/typescript/3.6/node_modules/@types/node-sass/index.d.ts'
[18:12:17.587] Adding entry into typings cache: 'nopt' => '/home/jake/.cache/typescript/3.6/node_modules/@types/nopt/index.d.ts'
[18:12:17.587] Adding entry into typings cache: 'normalize-package-data' => '/home/jake/.cache/typescript/3.6/node_modules/@types/normalize-package-data/index.d.ts'
[18:12:17.588] Adding entry into typings cache: 'normalize-path' => '/home/jake/.cache/typescript/3.6/node_modules/@types/normalize-path/index.d.ts'
[18:12:17.589] Adding entry into typings cache: 'npmlog' => '/home/jake/.cache/typescript/3.6/node_modules/@types/npmlog/index.d.ts'
[18:12:17.590] Adding entry into typings cache: 'num2fraction' => '/home/jake/.cache/typescript/3.6/node_modules/@types/num2fraction/index.d.ts'
[18:12:17.590] Adding entry into typings cache: 'number-is-nan' => '/home/jake/.cache/typescript/3.6/node_modules/@types/number-is-nan/index.d.ts'
[18:12:17.591] Adding entry into typings cache: 'object-assign' => '/home/jake/.cache/typescript/3.6/node_modules/@types/object-assign/index.d.ts'
[18:12:17.592] Adding entry into typings cache: 'object-inspect' => '/home/jake/.cache/typescript/3.6/node_modules/@types/object-inspect/index.d.ts'
[18:12:17.592] Adding entry into typings cache: 'object-keys' => '/home/jake/.cache/typescript/3.6/node_modules/@types/object-keys/index.d.ts'
[18:12:17.593] Adding entry into typings cache: 'object.getownpropertydescriptors' => '/home/jake/.cache/typescript/3.6/node_modules/@types/object.getownpropertydescriptors/index.d.ts'
[18:12:17.594] Adding entry into typings cache: 'object.pick' => '/home/jake/.cache/typescript/3.6/node_modules/@types/object.pick/index.d.ts'
[18:12:17.594] Adding entry into typings cache: 'on-finished' => '/home/jake/.cache/typescript/3.6/node_modules/@types/on-finished/index.d.ts'
[18:12:17.595] Adding entry into typings cache: 'on-headers' => '/home/jake/.cache/typescript/3.6/node_modules/@types/on-headers/index.d.ts'
[18:12:17.595] Adding entry into typings cache: 'once' => '/home/jake/.cache/typescript/3.6/node_modules/@types/once/index.d.ts'
[18:12:17.596] Adding entry into typings cache: 'optimist' => '/home/jake/.cache/typescript/3.6/node_modules/@types/optimist/index.d.ts'
[18:12:17.597] Adding entry into typings cache: 'optimize-css-assets-webpack-plugin' => '/home/jake/.cache/typescript/3.6/node_modules/@types/optimize-css-assets-webpack-plugin/index.d.ts'
[18:12:17.597] Adding entry into typings cache: 'original' => '/home/jake/.cache/typescript/3.6/node_modules/@types/original/index.d.ts'
[18:12:17.598] Adding entry into typings cache: 'os-homedir' => '/home/jake/.cache/typescript/3.6/node_modules/@types/os-homedir/index.d.ts'
[18:12:17.598] Adding entry into typings cache: 'os-tmpdir' => '/home/jake/.cache/typescript/3.6/node_modules/@types/os-tmpdir/index.d.ts'
[18:12:17.599] Adding entry into typings cache: 'osenv' => '/home/jake/.cache/typescript/3.6/node_modules/@types/osenv/index.d.ts'
[18:12:17.599] Adding entry into typings cache: 'pako' => '/home/jake/.cache/typescript/3.6/node_modules/@types/pako/index.d.ts'
[18:12:17.600] Adding entry into typings cache: 'parallel-transform' => '/home/jake/.cache/typescript/3.6/node_modules/@types/parallel-transform/index.d.ts'
[18:12:17.601] Adding entry into typings cache: 'parse-json' => '/home/jake/.cache/typescript/3.6/node_modules/@types/parse-json/index.d.ts'
[18:12:17.601] Adding entry into typings cache: 'parse-passwd' => '/home/jake/.cache/typescript/3.6/node_modules/@types/parse-passwd/index.d.ts'
[18:12:17.602] Adding entry into typings cache: 'parseurl' => '/home/jake/.cache/typescript/3.6/node_modules/@types/parseurl/index.d.ts'
[18:12:17.603] Adding entry into typings cache: 'path-is-absolute' => '/home/jake/.cache/typescript/3.6/node_modules/@types/path-is-absolute/index.d.ts'
[18:12:17.603] Adding entry into typings cache: 'path-is-inside' => '/home/jake/.cache/typescript/3.6/node_modules/@types/path-is-inside/index.d.ts'
[18:12:17.604] Adding entry into typings cache: 'path-parse' => '/home/jake/.cache/typescript/3.6/node_modules/@types/path-parse/index.d.ts'
[18:12:17.604] Adding entry into typings cache: 'pbkdf2' => '/home/jake/.cache/typescript/3.6/node_modules/@types/pbkdf2/index.d.ts'
[18:12:17.605] Adding entry into typings cache: 'pify' => '/home/jake/.cache/typescript/3.6/node_modules/@types/pify/index.d.ts'
[18:12:17.605] Adding entry into typings cache: 'postcss-calc' => '/home/jake/.cache/typescript/3.6/node_modules/@types/postcss-calc/index.d.ts'
[18:12:17.606] Adding entry into typings cache: 'postcss-load-config' => '/home/jake/.cache/typescript/3.6/node_modules/@types/postcss-load-config/index.d.ts'
[18:12:17.606] Adding entry into typings cache: 'postcss-modules-extract-imports' => '/home/jake/.cache/typescript/3.6/node_modules/@types/postcss-modules-extract-imports/index.d.ts'
[18:12:17.607] Adding entry into typings cache: 'postcss-modules-local-by-default' => '/home/jake/.cache/typescript/3.6/node_modules/@types/postcss-modules-local-by-default/index.d.ts'
[18:12:17.607] Adding entry into typings cache: 'postcss-modules-scope' => '/home/jake/.cache/typescript/3.6/node_modules/@types/postcss-modules-scope/index.d.ts'
[18:12:17.608] Adding entry into typings cache: 'postcss-modules-values' => '/home/jake/.cache/typescript/3.6/node_modules/@types/postcss-modules-values/index.d.ts'
[18:12:17.609] Adding entry into typings cache: 'prelude-ls' => '/home/jake/.cache/typescript/3.6/node_modules/@types/prelude-ls/index.d.ts'
[18:12:17.609] Adding entry into typings cache: 'promise-inflight' => '/home/jake/.cache/typescript/3.6/node_modules/@types/promise-inflight/index.d.ts'
[18:12:17.610] Adding entry into typings cache: 'prompts' => '/home/jake/.cache/typescript/3.6/node_modules/@types/prompts/index.d.ts'
[18:12:17.611] Adding entry into typings cache: 'prop-types' => '/home/jake/.cache/typescript/3.6/node_modules/@types/prop-types/index.d.ts'
[18:12:17.611] Adding entry into typings cache: 'proxy-addr' => '/home/jake/.cache/typescript/3.6/node_modules/@types/proxy-addr/index.d.ts'
[18:12:17.612] Adding entry into typings cache: 'psl' => '/home/jake/.cache/typescript/3.6/node_modules/@types/psl/index.d.ts'
[18:12:17.613] Adding entry into typings cache: 'pump' => '/home/jake/.cache/typescript/3.6/node_modules/@types/pump/index.d.ts'
[18:12:17.613] Adding entry into typings cache: 'pumpify' => '/home/jake/.cache/typescript/3.6/node_modules/@types/pumpify/index.d.ts'
[18:12:17.615] Adding entry into typings cache: 'punycode' => '/home/jake/.cache/typescript/3.6/node_modules/@types/punycode/index.d.ts'
[18:12:17.615] Adding entry into typings cache: 'q' => '/home/jake/.cache/typescript/3.6/node_modules/@types/q/index.d.ts'
[18:12:17.616] Adding entry into typings cache: 'qs' => '/home/jake/.cache/typescript/3.6/node_modules/@types/qs/index.d.ts'
[18:12:17.616] Adding entry into typings cache: 'querystringify' => '/home/jake/.cache/typescript/3.6/node_modules/@types/querystringify/index.d.ts'
[18:12:17.617] Adding entry into typings cache: 'raf' => '/home/jake/.cache/typescript/3.6/node_modules/@types/raf/index.d.ts'
[18:12:17.618] Adding entry into typings cache: 'randombytes' => '/home/jake/.cache/typescript/3.6/node_modules/@types/randombytes/index.d.ts'
[18:12:17.618] Adding entry into typings cache: 'range-parser' => '/home/jake/.cache/typescript/3.6/node_modules/@types/range-parser/index.d.ts'
[18:12:17.619] Adding entry into typings cache: 'react' => '/home/jake/.cache/typescript/3.6/node_modules/@types/react/index.d.ts'
[18:12:17.620] Adding entry into typings cache: 'react-dom' => '/home/jake/.cache/typescript/3.6/node_modules/@types/react-dom/index.d.ts'
[18:12:17.621] Adding entry into typings cache: 'react-is' => '/home/jake/.cache/typescript/3.6/node_modules/@types/react-is/index.d.ts'
[18:12:17.622] Adding entry into typings cache: 'react-router' => '/home/jake/.cache/typescript/3.6/node_modules/@types/react-router/index.d.ts'
[18:12:17.622] Adding entry into typings cache: 'react-router-dom' => '/home/jake/.cache/typescript/3.6/node_modules/@types/react-router-dom/index.d.ts'
[18:12:17.623] Adding entry into typings cache: 'react-test-renderer' => '/home/jake/.cache/typescript/3.6/node_modules/@types/react-test-renderer/index.d.ts'
[18:12:17.625] Adding entry into typings cache: 'readable-stream' => '/home/jake/.cache/typescript/3.6/node_modules/@types/readable-stream/index.d.ts'
[18:12:17.627] Adding entry into typings cache: 'repeat-element' => '/home/jake/.cache/typescript/3.6/node_modules/@types/repeat-element/index.d.ts'
[18:12:17.628] Adding entry into typings cache: 'repeat-string' => '/home/jake/.cache/typescript/3.6/node_modules/@types/repeat-string/index.d.ts'
[18:12:17.629] Adding entry into typings cache: 'repeating' => '/home/jake/.cache/typescript/3.6/node_modules/@types/repeating/index.d.ts'
[18:12:17.629] Adding entry into typings cache: 'request' => '/home/jake/.cache/typescript/3.6/node_modules/@types/request/index.d.ts'
[18:12:17.630] Adding entry into typings cache: 'request-promise-native' => '/home/jake/.cache/typescript/3.6/node_modules/@types/request-promise-native/index.d.ts'
[18:12:17.630] Adding entry into typings cache: 'require-directory' => '/home/jake/.cache/typescript/3.6/node_modules/@types/require-directory/index.d.ts'
[18:12:17.631] Adding entry into typings cache: 'requires-port' => '/home/jake/.cache/typescript/3.6/node_modules/@types/requires-port/index.d.ts'
[18:12:17.632] Adding entry into typings cache: 'resolve' => '/home/jake/.cache/typescript/3.6/node_modules/@types/resolve/index.d.ts'
[18:12:17.632] Adding entry into typings cache: 'retry' => '/home/jake/.cache/typescript/3.6/node_modules/@types/retry/index.d.ts'
[18:12:17.634] Adding entry into typings cache: 'rimraf' => '/home/jake/.cache/typescript/3.6/node_modules/@types/rimraf/index.d.ts'
[18:12:17.634] Adding entry into typings cache: 'ripemd160' => '/home/jake/.cache/typescript/3.6/node_modules/@types/ripemd160/index.d.ts'
[18:12:17.635] Adding entry into typings cache: 'rsvp' => '/home/jake/.cache/typescript/3.6/node_modules/@types/rsvp/index.d.ts'
[18:12:17.637] Adding entry into typings cache: 'safe-regex' => '/home/jake/.cache/typescript/3.6/node_modules/@types/safe-regex/index.d.ts'
[18:12:17.637] Adding entry into typings cache: 'safer-buffer' => '/home/jake/.cache/typescript/3.6/node_modules/@types/safer-buffer/index.d.ts'
[18:12:17.638] Adding entry into typings cache: 'sane' => '/home/jake/.cache/typescript/3.6/node_modules/@types/sane/index.d.ts'
[18:12:17.638] Adding entry into typings cache: 'sass-graph' => '/home/jake/.cache/typescript/3.6/node_modules/@types/sass-graph/index.d.ts'
[18:12:17.639] Adding entry into typings cache: 'sax' => '/home/jake/.cache/typescript/3.6/node_modules/@types/sax/index.d.ts'
[18:12:17.640] Adding entry into typings cache: 'scheduler' => '/home/jake/.cache/typescript/3.6/node_modules/@types/scheduler/index.d.ts'
[18:12:17.640] Adding entry into typings cache: 'schema-utils' => '/home/jake/.cache/typescript/3.6/node_modules/@types/schema-utils/index.d.ts'
[18:12:17.641] Adding entry into typings cache: 'semver' => '/home/jake/.cache/typescript/3.6/node_modules/@types/semver/index.d.ts'
[18:12:17.642] Adding entry into typings cache: 'send' => '/home/jake/.cache/typescript/3.6/node_modules/@types/send/index.d.ts'
[18:12:17.642] Adding entry into typings cache: 'serialize-javascript' => '/home/jake/.cache/typescript/3.6/node_modules/@types/serialize-javascript/index.d.ts'
[18:12:17.643] Adding entry into typings cache: 'serve-index' => '/home/jake/.cache/typescript/3.6/node_modules/@types/serve-index/index.d.ts'
[18:12:17.644] Adding entry into typings cache: 'serve-static' => '/home/jake/.cache/typescript/3.6/node_modules/@types/serve-static/index.d.ts'
[18:12:17.645] Adding entry into typings cache: 'set-value' => '/home/jake/.cache/typescript/3.6/node_modules/@types/set-value/index.d.ts'
[18:12:17.646] Adding entry into typings cache: 'setimmediate' => '/home/jake/.cache/typescript/3.6/node_modules/@types/setimmediate/ts3.1/index.d.ts'
[18:12:17.647] Adding entry into typings cache: 'sha.js' => '/home/jake/.cache/typescript/3.6/node_modules/@types/sha.js/index.d.ts'
[18:12:17.648] Adding entry into typings cache: 'shallowequal' => '/home/jake/.cache/typescript/3.6/node_modules/@types/shallowequal/index.d.ts'
[18:12:17.649] Adding entry into typings cache: 'shebang-command' => '/home/jake/.cache/typescript/3.6/node_modules/@types/shebang-command/index.d.ts'
[18:12:17.649] Adding entry into typings cache: 'signal-exit' => '/home/jake/.cache/typescript/3.6/node_modules/@types/signal-exit/index.d.ts'
[18:12:17.650] Adding entry into typings cache: 'sockjs' => '/home/jake/.cache/typescript/3.6/node_modules/@types/sockjs/index.d.ts'
[18:12:17.651] Adding entry into typings cache: 'sockjs-client' => '/home/jake/.cache/typescript/3.6/node_modules/@types/sockjs-client/index.d.ts'
[18:12:17.652] Adding entry into typings cache: 'source-list-map' => '/home/jake/.cache/typescript/3.6/node_modules/@types/source-list-map/index.d.ts'
[18:12:17.655] Adding entry into typings cache: 'source-map-support' => '/home/jake/.cache/typescript/3.6/node_modules/@types/source-map-support/index.d.ts'
[18:12:17.656] Adding entry into typings cache: 'spark-md5' => '/home/jake/.cache/typescript/3.6/node_modules/@types/spark-md5/index.d.ts'
[18:12:17.657] Adding entry into typings cache: 'spdx-correct' => '/home/jake/.cache/typescript/3.6/node_modules/@types/spdx-correct/index.d.ts'
[18:12:17.658] Adding entry into typings cache: 'spdy' => '/home/jake/.cache/typescript/3.6/node_modules/@types/spdy/index.d.ts'
[18:12:17.660] Adding entry into typings cache: 'sprintf' => '/home/jake/.cache/typescript/3.6/node_modules/@types/sprintf/index.d.ts'
[18:12:17.662] Adding entry into typings cache: 'sprintf-js' => '/home/jake/.cache/typescript/3.6/node_modules/@types/sprintf-js/index.d.ts'
[18:12:17.663] Adding entry into typings cache: 'sshpk' => '/home/jake/.cache/typescript/3.6/node_modules/@types/sshpk/index.d.ts'
[18:12:17.664] Adding entry into typings cache: 'ssri' => '/home/jake/.cache/typescript/3.6/node_modules/@types/ssri/index.d.ts'
[18:12:17.665] Adding entry into typings cache: 'stack-utils' => '/home/jake/.cache/typescript/3.6/node_modules/@types/stack-utils/index.d.ts'
[18:12:17.667] Adding entry into typings cache: 'statuses' => '/home/jake/.cache/typescript/3.6/node_modules/@types/statuses/index.d.ts'
[18:12:17.669] Adding entry into typings cache: 'stdout-stream' => '/home/jake/.cache/typescript/3.6/node_modules/@types/stdout-stream/index.d.ts'
[18:12:17.670] Adding entry into typings cache: 'stream-each' => '/home/jake/.cache/typescript/3.6/node_modules/@types/stream-each/index.d.ts'
[18:12:17.671] Adding entry into typings cache: 'stream-shift' => '/home/jake/.cache/typescript/3.6/node_modules/@types/stream-shift/index.d.ts'
[18:12:17.671] Adding entry into typings cache: 'strict-uri-encode' => '/home/jake/.cache/typescript/3.6/node_modules/@types/strict-uri-encode/index.d.ts'
[18:12:17.672] Adding entry into typings cache: 'supports-color' => '/home/jake/.cache/typescript/3.6/node_modules/@types/supports-color/index.d.ts'
[18:12:17.673] Adding entry into typings cache: 'svgo' => '/home/jake/.cache/typescript/3.6/node_modules/@types/svgo/index.d.ts'
[18:12:17.674] Adding entry into typings cache: 'symbol-tree' => '/home/jake/.cache/typescript/3.6/node_modules/@types/symbol-tree/index.d.ts'
[18:12:17.675] Adding entry into typings cache: 'tapable' => '/home/jake/.cache/typescript/3.6/node_modules/@types/tapable/index.d.ts'
[18:12:17.676] Adding entry into typings cache: 'tar' => '/home/jake/.cache/typescript/3.6/node_modules/@types/tar/index.d.ts'
[18:12:17.676] Adding entry into typings cache: 'terser-webpack-plugin' => '/home/jake/.cache/typescript/3.6/node_modules/@types/terser-webpack-plugin/index.d.ts'
[18:12:17.677] Adding entry into typings cache: 'through2' => '/home/jake/.cache/typescript/3.6/node_modules/@types/through2/index.d.ts'
[18:12:17.678] Adding entry into typings cache: 'timsort' => '/home/jake/.cache/typescript/3.6/node_modules/@types/timsort/index.d.ts'
[18:12:17.678] Adding entry into typings cache: 'tough-cookie' => '/home/jake/.cache/typescript/3.6/node_modules/@types/tough-cookie/index.d.ts'
[18:12:17.679] Adding entry into typings cache: 'turbolinks' => '/home/jake/.cache/typescript/3.6/node_modules/@types/turbolinks/index.d.ts'
[18:12:17.680] Adding entry into typings cache: 'type-check' => '/home/jake/.cache/typescript/3.6/node_modules/@types/type-check/index.d.ts'
[18:12:17.681] Adding entry into typings cache: 'type-is' => '/home/jake/.cache/typescript/3.6/node_modules/@types/type-is/index.d.ts'
[18:12:17.682] Adding entry into typings cache: 'uglify-js' => '/home/jake/.cache/typescript/3.6/node_modules/@types/uglify-js/index.d.ts'
[18:12:17.683] Adding entry into typings cache: 'uniq' => '/home/jake/.cache/typescript/3.6/node_modules/@types/uniq/index.d.ts'
[18:12:17.684] Adding entry into typings cache: 'urix' => '/home/jake/.cache/typescript/3.6/node_modules/@types/urix/index.d.ts'
[18:12:17.685] Adding entry into typings cache: 'url-parse' => '/home/jake/.cache/typescript/3.6/node_modules/@types/url-parse/index.d.ts'
[18:12:17.686] Adding entry into typings cache: 'util-deprecate' => '/home/jake/.cache/typescript/3.6/node_modules/@types/util-deprecate/index.d.ts'
[18:12:17.687] Adding entry into typings cache: 'util.promisify' => '/home/jake/.cache/typescript/3.6/node_modules/@types/util.promisify/index.d.ts'
[18:12:17.688] Adding entry into typings cache: 'utils-merge' => '/home/jake/.cache/typescript/3.6/node_modules/@types/utils-merge/index.d.ts'
[18:12:17.688] Adding entry into typings cache: 'uuid' => '/home/jake/.cache/typescript/3.6/node_modules/@types/uuid/index.d.ts'
[18:12:17.689] Adding entry into typings cache: 'vary' => '/home/jake/.cache/typescript/3.6/node_modules/@types/vary/index.d.ts'
[18:12:17.689] Adding entry into typings cache: 'verror' => '/home/jake/.cache/typescript/3.6/node_modules/@types/verror/index.d.ts'
[18:12:17.690] Adding entry into typings cache: 'warning' => '/home/jake/.cache/typescript/3.6/node_modules/@types/warning/index.d.ts'
[18:12:17.690] Adding entry into typings cache: 'watchpack' => '/home/jake/.cache/typescript/3.6/node_modules/@types/watchpack/index.d.ts'
[18:12:17.691] Adding entry into typings cache: 'webidl-conversions' => '/home/jake/.cache/typescript/3.6/node_modules/@types/webidl-conversions/index.d.ts'
[18:12:17.691] Adding entry into typings cache: 'webpack' => '/home/jake/.cache/typescript/3.6/node_modules/@types/webpack/index.d.ts'
[18:12:17.692] Adding entry into typings cache: 'webpack-assets-manifest' => '/home/jake/.cache/typescript/3.6/node_modules/@types/webpack-assets-manifest/index.d.ts'
[18:12:17.693] Adding entry into typings cache: 'webpack-dev-middleware' => '/home/jake/.cache/typescript/3.6/node_modules/@types/webpack-dev-middleware/index.d.ts'
[18:12:17.693] Adding entry into typings cache: 'webpack-dev-server' => '/home/jake/.cache/typescript/3.6/node_modules/@types/webpack-dev-server/index.d.ts'
[18:12:17.694] Adding entry into typings cache: 'webpack-sources' => '/home/jake/.cache/typescript/3.6/node_modules/@types/webpack-sources/index.d.ts'
[18:12:17.695] Adding entry into typings cache: 'whatwg-mimetype' => '/home/jake/.cache/typescript/3.6/node_modules/@types/whatwg-mimetype/index.d.ts'
[18:12:17.695] Adding entry into typings cache: 'whatwg-url' => '/home/jake/.cache/typescript/3.6/node_modules/@types/whatwg-url/index.d.ts'
[18:12:17.696] Adding entry into typings cache: 'which' => '/home/jake/.cache/typescript/3.6/node_modules/@types/which/index.d.ts'
[18:12:17.696] Adding entry into typings cache: 'wordwrap' => '/home/jake/.cache/typescript/3.6/node_modules/@types/wordwrap/index.d.ts'
[18:12:17.697] Adding entry into typings cache: 'wrap-ansi' => '/home/jake/.cache/typescript/3.6/node_modules/@types/wrap-ansi/index.d.ts'
[18:12:17.698] Adding entry into typings cache: 'write-file-atomic' => '/home/jake/.cache/typescript/3.6/node_modules/@types/write-file-atomic/index.d.ts'
[18:12:17.699] Adding entry into typings cache: 'ws' => '/home/jake/.cache/typescript/3.6/node_modules/@types/ws/index.d.ts'
[18:12:17.700] Adding entry into typings cache: 'xtend' => '/home/jake/.cache/typescript/3.6/node_modules/@types/xtend/index.d.ts'
[18:12:17.700] Adding entry into typings cache: 'y18n' => '/home/jake/.cache/typescript/3.6/node_modules/@types/y18n/index.d.ts'
[18:12:17.701] Adding entry into typings cache: 'yallist' => '/home/jake/.cache/typescript/3.6/node_modules/@types/yallist/index.d.ts'
[18:12:17.702] Adding entry into typings cache: 'yargs' => '/home/jake/.cache/typescript/3.6/node_modules/@types/yargs/index.d.ts'
[18:12:17.702] Adding entry into typings cache: 'yargs-parser' => '/home/jake/.cache/typescript/3.6/node_modules/@types/yargs-parser/index.d.ts'
[18:12:17.702] Finished processing cache location '/home/jake/.cache/typescript/3.6'
[18:12:17.703] Process id: 100263
[18:12:17.703] NPM location: /home/jake/.nvm/versions/node/v12.6.0/bin/npm (explicit '--npmLocation' not  provided)
[18:12:17.703] validateDefaultNpmLocation: false
[18:12:17.703] Npm config file: /home/jake/.cache/typescript/3.6/package.json
[18:12:17.703] Updating types-registry npm package...
[18:12:17.703] Exec: /home/jake/.nvm/versions/node/v12.6.0/bin/npm install --ignore-scripts types-registry@latest
[18:12:20.413]     Succeeded. stdout:
    + types-registry@0.1.482
    updated 1 package and audited 3149 packages in 2.402s
found 100 vulnerabilities (97 low, 3 moderate)
  run `npm audit fix` to fix them, or `npm audit` for details

[18:12:20.413] Updated types-registry npm package
[18:12:20.427] Got install request {"projectName":"/dev/null/inferredProject1*","fileNames":["/home/jake/.nvm/versions/node/v12.6.0/lib/node_modules/typescript/lib/lib.d.ts","/home/jake/.nvm/versions/node/v12.6.0/lib/node_modules/typescript/lib/lib.es5.d.ts","/home/jake/.nvm/versions/node/v12.6.0/lib/node_modules/typescript/lib/lib.dom.d.ts","/home/jake/.nvm/versions/node/v12.6.0/lib/node_modules/typescript/lib/lib.webworker.importscripts.d.ts","/home/jake/.nvm/versions/node/v12.6.0/lib/node_modules/typescript/lib/lib.scripthost.d.ts","/home/jake/projects/lecture-code/23-building-a-rails-api/front-end/index.js"],"compilerOptions":{"target":1,"jsx":1,"allowNonTsExtensions":true,"allowJs":true,"noEmitForJsFiles":true,"maxNodeModuleJsDepth":2},"typeAcquisition":{"enable":true,"include":[],"exclude":[]},"unresolvedImports":[],"projectRootPath":"/home/jake/projects/lecture-code/23-building-a-rails-api/front-end","kind":"discover"}
[18:12:20.428] Loaded safelist from types map file '/home/jake/.nvm/versions/node/v12.6.0/lib/node_modules/typescript/lib/typesMap.json'
[18:12:20.428] Explicitly included types: []
[18:12:20.429] Inferred typings from unresolved imports: []
[18:12:20.429] Result: {"cachedTypingPaths":[],"newTypingNames":[],"filesToWatch":["/home/jake/projects/lecture-code/23-building-a-rails-api/front-end/bower_components","/home/jake/projects/lecture-code/23-building-a-rails-api/front-end/node_modules"]}
[18:12:20.429] Finished typings discovery: {"cachedTypingPaths":[],"newTypingNames":[],"filesToWatch":["/home/jake/projects/lecture-code/23-building-a-rails-api/front-end/bower_components","/home/jake/projects/lecture-code/23-building-a-rails-api/front-end/node_modules"]}
[18:12:20.429] DirectoryWatcher:: Added:: WatchInfo: /home/jake/projects/lecture-code/23-building-a-rails-api/front-end/bower_components
[18:12:20.430] DirectoryWatcher:: Added:: WatchInfo: /home/jake/projects/lecture-code/23-building-a-rails-api/front-end/node_modules
[18:12:20.430] Sending response:
    {"projectName":"/dev/null/inferredProject1*","typeAcquisition":{"enable":true,"include":[],"exclude":[]},"compilerOptions":{"target":1,"jsx":1,"allowNonTsExtensions":true,"allowJs":true,"noEmitForJsFiles":true,"maxNodeModuleJsDepth":2},"typings":[],"unresolvedImports":[],"kind":"action::set"}
[18:12:20.431] Response has been sent.
[18:12:20.431] No new typings were requested as a result of typings discovery
