  [1m[35m (0.5ms)[0m  [1m[34mSELECT sqlite_version(*)[0m
  [1m[35m (0.0ms)[0m  [1m[34mSELECT sqlite_version(*)[0m
Started GET "/" for ::1 at 2019-12-17 18:30:52 -0500
  [1m[35m (0.2ms)[0m  [1m[34mSELECT sqlite_version(*)[0m
  
ActiveRecord::PendingMigrationError (

Migrations are pending. To resolve this issue, run:

        rails db:migrate RAILS_ENV=development

):
  
activerecord (6.0.2) lib/active_record/migration.rb:587:in `check_pending!'
activerecord (6.0.2) lib/active_record/migration.rb:564:in `call'
actionpack (6.0.2) lib/action_dispatch/middleware/callbacks.rb:27:in `block in call'
activesupport (6.0.2) lib/active_support/callbacks.rb:101:in `run_callbacks'
actionpack (6.0.2) lib/action_dispatch/middleware/callbacks.rb:26:in `call'
actionpack (6.0.2) lib/action_dispatch/middleware/executor.rb:14:in `call'
actionpack (6.0.2) lib/action_dispatch/middleware/actionable_exceptions.rb:17:in `call'
actionpack (6.0.2) lib/action_dispatch/middleware/debug_exceptions.rb:32:in `call'
web-console (4.0.1) lib/web_console/middleware.rb:132:in `call_app'
web-console (4.0.1) lib/web_console/middleware.rb:28:in `block in call'
web-console (4.0.1) lib/web_console/middleware.rb:17:in `catch'
web-console (4.0.1) lib/web_console/middleware.rb:17:in `call'
actionpack (6.0.2) lib/action_dispatch/middleware/show_exceptions.rb:33:in `call'
railties (6.0.2) lib/rails/rack/logger.rb:38:in `call_app'
railties (6.0.2) lib/rails/rack/logger.rb:26:in `block in call'
activesupport (6.0.2) lib/active_support/tagged_logging.rb:80:in `block in tagged'
activesupport (6.0.2) lib/active_support/tagged_logging.rb:28:in `tagged'
activesupport (6.0.2) lib/active_support/tagged_logging.rb:80:in `tagged'
railties (6.0.2) lib/rails/rack/logger.rb:26:in `call'
sprockets-rails (3.2.1) lib/sprockets/rails/quiet_assets.rb:13:in `call'
actionpack (6.0.2) lib/action_dispatch/middleware/remote_ip.rb:81:in `call'
actionpack (6.0.2) lib/action_dispatch/middleware/request_id.rb:27:in `call'
rack (2.0.7) lib/rack/method_override.rb:22:in `call'
rack (2.0.7) lib/rack/runtime.rb:22:in `call'
activesupport (6.0.2) lib/active_support/cache/strategy/local_cache_middleware.rb:29:in `call'
actionpack (6.0.2) lib/action_dispatch/middleware/executor.rb:14:in `call'
actionpack (6.0.2) lib/action_dispatch/middleware/static.rb:126:in `call'
rack (2.0.7) lib/rack/sendfile.rb:111:in `call'
actionpack (6.0.2) lib/action_dispatch/middleware/host_authorization.rb:83:in `call'
webpacker (4.2.2) lib/webpacker/dev_server_proxy.rb:23:in `perform_request'
rack-proxy (0.6.5) lib/rack/proxy.rb:57:in `call'
railties (6.0.2) lib/rails/engine.rb:526:in `call'
puma (4.3.1) lib/puma/configuration.rb:228:in `call'
puma (4.3.1) lib/puma/server.rb:681:in `handle_request'
puma (4.3.1) lib/puma/server.rb:472:in `process_client'
puma (4.3.1) lib/puma/server.rb:328:in `block in run'
puma (4.3.1) lib/puma/thread_pool.rb:134:in `block in spawn_thread'
  [1m[35m (0.2ms)[0m  [1m[34mSELECT sqlite_version(*)[0m
  [1m[35m (12.8ms)[0m  [1m[35mCREATE TABLE "schema_migrations" ("version" varchar NOT NULL PRIMARY KEY)[0m
  [1m[35m (6.4ms)[0m  [1m[35mCREATE TABLE "ar_internal_metadata" ("key" varchar NOT NULL PRIMARY KEY, "value" varchar, "created_at" datetime(6) NOT NULL, "updated_at" datetime(6) NOT NULL)[0m
  [1m[35m (0.1ms)[0m  [1m[34mSELECT "schema_migrations"."version" FROM "schema_migrations" ORDER BY "schema_migrations"."version" ASC[0m
Migrating to CreateCats (20191217232923)
  [1m[35m (0.0ms)[0m  [1m[36mbegin transaction[0m
  [1m[35m (0.1ms)[0m  [1m[35mCREATE TABLE "cats" ("id" integer PRIMARY KEY AUTOINCREMENT NOT NULL, "name" text, "lives" integer, "created_at" datetime(6) NOT NULL, "updated_at" datetime(6) NOT NULL)[0m
  [1m[36mprimary::SchemaMigration Create (0.1ms)[0m  [1m[32mINSERT INTO "schema_migrations" ("version") VALUES (?)[0m  [["version", "20191217232923"]]
  [1m[35m (12.6ms)[0m  [1m[36mcommit transaction[0m
  [1m[36mActiveRecord::InternalMetadata Load (0.1ms)[0m  [1m[34mSELECT "ar_internal_metadata".* FROM "ar_internal_metadata" WHERE "ar_internal_metadata"."key" = ? LIMIT ?[0m  [["key", "environment"], ["LIMIT", 1]]
  [1m[35m (0.0ms)[0m  [1m[36mbegin transaction[0m
  [1m[36mActiveRecord::InternalMetadata Create (0.1ms)[0m  [1m[32mINSERT INTO "ar_internal_metadata" ("key", "value", "created_at", "updated_at") VALUES (?, ?, ?, ?)[0m  [["key", "environment"], ["value", "development"], ["created_at", "2019-12-17 23:31:03.397867"], ["updated_at", "2019-12-17 23:31:03.397867"]]
  [1m[35m (4.5ms)[0m  [1m[36mcommit transaction[0m
  [1m[35m (0.0ms)[0m  [1m[34mSELECT sqlite_version(*)[0m
  [1m[35m (0.1ms)[0m  [1m[34mSELECT "schema_migrations"."version" FROM "schema_migrations" ORDER BY "schema_migrations"."version" ASC[0m
Started GET "/" for 127.0.0.1 at 2019-12-17 18:31:17 -0500
  [1m[35m (0.2ms)[0m  [1m[34mSELECT sqlite_version(*)[0m
  [1m[35m (0.1ms)[0m  [1m[34mSELECT "schema_migrations"."version" FROM "schema_migrations" ORDER BY "schema_migrations"."version" ASC[0m
Processing by Rails::WelcomeController#index as HTML
  Rendering /home/jake/.rvm/gems/ruby-2.6.3/gems/railties-6.0.2/lib/rails/templates/rails/welcome/index.html.erb
  Rendered /home/jake/.rvm/gems/ruby-2.6.3/gems/railties-6.0.2/lib/rails/templates/rails/welcome/index.html.erb (Duration: 2.9ms | Allocations: 315)
Completed 200 OK in 7ms (Views: 3.9ms | ActiveRecord: 0.0ms | Allocations: 1701)


Started GET "/cats" for 127.0.0.1 at 2019-12-17 18:31:22 -0500
Processing by CatsController#index as HTML
  Rendering cats/index.html.erb within layouts/application
  [1m[36mCat Load (0.1ms)[0m  [1m[34mSELECT "cats".* FROM "cats"[0m
  ↳ app/views/cats/index.html.erb:15
  Rendered cats/index.html.erb within layouts/application (Duration: 1.2ms | Allocations: 1323)
[Webpacker] Compiling...
[Webpacker] Compiled all packs in /home/jake/cats_app/public/packs
[Webpacker] Hash: 53154d7baad00c6a1252
Version: webpack 4.41.3
Time: 887ms
Built at: 12/17/2019 6:31:24 PM
                                     Asset       Size       Chunks                         Chunk Names
    js/application-0b67a3cc2fcde6055024.js    124 KiB  application  [emitted] [immutable]  application
js/application-0b67a3cc2fcde6055024.js.map    139 KiB  application  [emitted] [dev]        application
                             manifest.json  364 bytes               [emitted]              
Entrypoint application = js/application-0b67a3cc2fcde6055024.js js/application-0b67a3cc2fcde6055024.js.map
[./app/javascript/channels sync recursive _channel\.js$] ./app/javascript/channels sync _channel\.js$ 160 bytes {application} [built]
[./app/javascript/channels/index.js] 211 bytes {application} [built]
[./app/javascript/packs/application.js] 749 bytes {application} [built]
[./node_modules/webpack/buildin/module.js] (webpack)/buildin/module.js 552 bytes {application} [built]
    + 3 hidden modules

Completed 200 OK in 1596ms (Views: 1594.3ms | ActiveRecord: 0.2ms | Allocations: 23153)


Started GET "/cats/new" for 127.0.0.1 at 2019-12-17 18:31:30 -0500
Processing by CatsController#new as HTML
  Rendering cats/new.html.erb within layouts/application
  Rendered cats/_form.html.erb (Duration: 5.0ms | Allocations: 5451)
  Rendered cats/new.html.erb within layouts/application (Duration: 5.5ms | Allocations: 5809)
[Webpacker] Everything's up-to-date. Nothing to do
Completed 200 OK in 11ms (Views: 8.1ms | ActiveRecord: 0.2ms | Allocations: 12838)


Started POST "/cats" for 127.0.0.1 at 2019-12-17 18:31:40 -0500
Processing by CatsController#create as HTML
  Parameters: {"authenticity_token"=>"r0hxkVhLCDhfiHPVmgNkyIDh6ymoOFNDIfZ3ya+vRY5s0pXWB25CaxesjzAClTpFncS6iEAK62TzRioE0GvACg==", "cat"=>{"name"=>"My Cat", "lives"=>"9"}, "commit"=>"Create Cat"}
  [1m[35m (0.0ms)[0m  [1m[36mbegin transaction[0m
  ↳ app/controllers/cats_controller.rb:30:in `block in create'
  [1m[36mCat Create (0.1ms)[0m  [1m[32mINSERT INTO "cats" ("name", "lives", "created_at", "updated_at") VALUES (?, ?, ?, ?)[0m  [["name", "My Cat"], ["lives", 9], ["created_at", "2019-12-17 23:31:40.411670"], ["updated_at", "2019-12-17 23:31:40.411670"]]
  ↳ app/controllers/cats_controller.rb:30:in `block in create'
  [1m[35m (6.3ms)[0m  [1m[36mcommit transaction[0m
  ↳ app/controllers/cats_controller.rb:30:in `block in create'
Redirected to http://localhost:3000/cats/1
Completed 302 Found in 9ms (ActiveRecord: 6.4ms | Allocations: 3695)


Started GET "/cats/1" for 127.0.0.1 at 2019-12-17 18:31:40 -0500
Processing by CatsController#show as HTML
  Parameters: {"id"=>"1"}
  [1m[36mCat Load (0.1ms)[0m  [1m[34mSELECT "cats".* FROM "cats" WHERE "cats"."id" = ? LIMIT ?[0m  [["id", 1], ["LIMIT", 1]]
  ↳ app/controllers/cats_controller.rb:67:in `set_cat'
  Rendering cats/show.html.erb within layouts/application
  Rendered cats/show.html.erb within layouts/application (Duration: 0.4ms | Allocations: 280)
[Webpacker] Everything's up-to-date. Nothing to do
Completed 200 OK in 4ms (Views: 2.7ms | ActiveRecord: 0.1ms | Allocations: 5170)


Started GET "/cats" for 127.0.0.1 at 2019-12-17 18:31:49 -0500
Processing by CatsController#index as HTML
  Rendering cats/index.html.erb within layouts/application
  [1m[36mCat Load (0.1ms)[0m  [1m[34mSELECT "cats".* FROM "cats"[0m
  ↳ app/views/cats/index.html.erb:15
  Rendered cats/index.html.erb within layouts/application (Duration: 0.7ms | Allocations: 745)
[Webpacker] Everything's up-to-date. Nothing to do
Completed 200 OK in 3ms (Views: 2.7ms | ActiveRecord: 0.1ms | Allocations: 4554)


Started GET "/cats/1" for 127.0.0.1 at 2019-12-17 18:31:55 -0500
Processing by CatsController#show as HTML
  Parameters: {"id"=>"1"}
  [1m[36mCat Load (0.1ms)[0m  [1m[34mSELECT "cats".* FROM "cats" WHERE "cats"."id" = ? LIMIT ?[0m  [["id", 1], ["LIMIT", 1]]
  ↳ app/controllers/cats_controller.rb:67:in `set_cat'
  Rendering cats/show.html.erb within layouts/application
  Rendered cats/show.html.erb within layouts/application (Duration: 0.1ms | Allocations: 95)
[Webpacker] Everything's up-to-date. Nothing to do
Completed 200 OK in 3ms (Views: 2.4ms | ActiveRecord: 0.1ms | Allocations: 4418)


Started GET "/cats/1/edit" for 127.0.0.1 at 2019-12-17 18:31:57 -0500
Processing by CatsController#edit as HTML
  Parameters: {"id"=>"1"}
  [1m[36mCat Load (0.1ms)[0m  [1m[34mSELECT "cats".* FROM "cats" WHERE "cats"."id" = ? LIMIT ?[0m  [["id", 1], ["LIMIT", 1]]
  ↳ app/controllers/cats_controller.rb:67:in `set_cat'
  Rendering cats/edit.html.erb within layouts/application
  Rendered cats/_form.html.erb (Duration: 0.9ms | Allocations: 791)
  Rendered cats/edit.html.erb within layouts/application (Duration: 1.3ms | Allocations: 1045)
[Webpacker] Everything's up-to-date. Nothing to do
Completed 200 OK in 5ms (Views: 3.5ms | ActiveRecord: 0.1ms | Allocations: 5500)


Started PATCH "/cats/1" for 127.0.0.1 at 2019-12-17 18:32:02 -0500
Processing by CatsController#update as HTML
  Parameters: {"authenticity_token"=>"VKWaNhLvx89RYjxUtkMoNZS4xhd2A2CKA5ITKQ/U9+iVEs5kb/4WDB+gBt7vyaF74SWSv8VVPkzr4Fqiieei0A==", "cat"=>{"name"=>"My Cat", "lives"=>"8"}, "commit"=>"Update Cat", "id"=>"1"}
  [1m[36mCat Load (0.1ms)[0m  [1m[34mSELECT "cats".* FROM "cats" WHERE "cats"."id" = ? LIMIT ?[0m  [["id", 1], ["LIMIT", 1]]
  ↳ app/controllers/cats_controller.rb:67:in `set_cat'
  [1m[35m (0.0ms)[0m  [1m[36mbegin transaction[0m
  ↳ app/controllers/cats_controller.rb:44:in `block in update'
  [1m[36mCat Update (0.1ms)[0m  [1m[33mUPDATE "cats" SET "lives" = ?, "updated_at" = ? WHERE "cats"."id" = ?[0m  [["lives", 8], ["updated_at", "2019-12-17 23:32:02.340604"], ["id", 1]]
  ↳ app/controllers/cats_controller.rb:44:in `block in update'
  [1m[35m (8.4ms)[0m  [1m[36mcommit transaction[0m
  ↳ app/controllers/cats_controller.rb:44:in `block in update'
Redirected to http://localhost:3000/cats/1
Completed 302 Found in 13ms (ActiveRecord: 8.7ms | Allocations: 4054)


Started GET "/cats/1" for 127.0.0.1 at 2019-12-17 18:32:02 -0500
Processing by CatsController#show as HTML
  Parameters: {"id"=>"1"}
  [1m[36mCat Load (0.1ms)[0m  [1m[34mSELECT "cats".* FROM "cats" WHERE "cats"."id" = ? LIMIT ?[0m  [["id", 1], ["LIMIT", 1]]
  ↳ app/controllers/cats_controller.rb:67:in `set_cat'
  Rendering cats/show.html.erb within layouts/application
  Rendered cats/show.html.erb within layouts/application (Duration: 0.1ms | Allocations: 98)
[Webpacker] Everything's up-to-date. Nothing to do
Completed 200 OK in 3ms (Views: 2.1ms | ActiveRecord: 0.1ms | Allocations: 4432)


Started GET "/cats" for 127.0.0.1 at 2019-12-17 18:32:05 -0500
Processing by CatsController#index as HTML
  Rendering cats/index.html.erb within layouts/application
  [1m[36mCat Load (0.1ms)[0m  [1m[34mSELECT "cats".* FROM "cats"[0m
  ↳ app/views/cats/index.html.erb:15
  Rendered cats/index.html.erb within layouts/application (Duration: 0.7ms | Allocations: 741)
[Webpacker] Everything's up-to-date. Nothing to do
Completed 200 OK in 3ms (Views: 2.6ms | ActiveRecord: 0.1ms | Allocations: 4559)


Started GET "/cats/new" for 127.0.0.1 at 2019-12-17 18:32:06 -0500
Processing by CatsController#new as HTML
  Rendering cats/new.html.erb within layouts/application
  Rendered cats/_form.html.erb (Duration: 1.1ms | Allocations: 721)
  Rendered cats/new.html.erb within layouts/application (Duration: 1.2ms | Allocations: 807)
[Webpacker] Everything's up-to-date. Nothing to do
Completed 200 OK in 5ms (Views: 4.7ms | ActiveRecord: 0.0ms | Allocations: 4623)


Started POST "/cats" for 127.0.0.1 at 2019-12-17 18:32:15 -0500
Processing by CatsController#create as HTML
  Parameters: {"authenticity_token"=>"XAMMdEcNAMcmzLTyhkCYNhoJrxqqqhbg3cNZAscpdqCfmegzGChKlG7oSBce1sa7Byz+u0KYrscPcwTPuO3zJA==", "cat"=>{"name"=>"Better Cat", "lives"=>"14"}, "commit"=>"Create Cat"}
  [1m[35m (0.0ms)[0m  [1m[36mbegin transaction[0m
  ↳ app/controllers/cats_controller.rb:30:in `block in create'
  [1m[36mCat Create (0.1ms)[0m  [1m[32mINSERT INTO "cats" ("name", "lives", "created_at", "updated_at") VALUES (?, ?, ?, ?)[0m  [["name", "Better Cat"], ["lives", 14], ["created_at", "2019-12-17 23:32:15.283971"], ["updated_at", "2019-12-17 23:32:15.283971"]]
  ↳ app/controllers/cats_controller.rb:30:in `block in create'
  [1m[35m (8.7ms)[0m  [1m[36mcommit transaction[0m
  ↳ app/controllers/cats_controller.rb:30:in `block in create'
Redirected to http://localhost:3000/cats/2
Completed 302 Found in 12ms (ActiveRecord: 8.9ms | Allocations: 3419)


Started GET "/cats/2" for 127.0.0.1 at 2019-12-17 18:32:15 -0500
Processing by CatsController#show as HTML
  Parameters: {"id"=>"2"}
  [1m[36mCat Load (0.1ms)[0m  [1m[34mSELECT "cats".* FROM "cats" WHERE "cats"."id" = ? LIMIT ?[0m  [["id", 2], ["LIMIT", 1]]
  ↳ app/controllers/cats_controller.rb:67:in `set_cat'
  Rendering cats/show.html.erb within layouts/application
  Rendered cats/show.html.erb within layouts/application (Duration: 0.2ms | Allocations: 96)
[Webpacker] Everything's up-to-date. Nothing to do
Completed 200 OK in 4ms (Views: 3.0ms | ActiveRecord: 0.1ms | Allocations: 4413)


Started GET "/cats" for 127.0.0.1 at 2019-12-17 18:32:17 -0500
Processing by CatsController#index as HTML
  Rendering cats/index.html.erb within layouts/application
  [1m[36mCat Load (0.1ms)[0m  [1m[34mSELECT "cats".* FROM "cats"[0m
  ↳ app/views/cats/index.html.erb:15
  Rendered cats/index.html.erb within layouts/application (Duration: 1.3ms | Allocations: 866)
[Webpacker] Everything's up-to-date. Nothing to do
Completed 200 OK in 5ms (Views: 4.0ms | ActiveRecord: 0.1ms | Allocations: 4676)


Started DELETE "/cats/1" for 127.0.0.1 at 2019-12-17 18:32:21 -0500
Processing by CatsController#destroy as HTML
  Parameters: {"authenticity_token"=>"5DwrPlWlvAtsdk096EXB8zdoeqZfwK3yZ6pT2Tx2NUyOv5RRwuzS/bHlmZddhPfapBJoz79bFqRGLSuoP6ofUw==", "id"=>"1"}
  [1m[36mCat Load (0.1ms)[0m  [1m[34mSELECT "cats".* FROM "cats" WHERE "cats"."id" = ? LIMIT ?[0m  [["id", 1], ["LIMIT", 1]]
  ↳ app/controllers/cats_controller.rb:67:in `set_cat'
  [1m[35m (0.0ms)[0m  [1m[36mbegin transaction[0m
  ↳ app/controllers/cats_controller.rb:57:in `destroy'
  [1m[36mCat Destroy (0.1ms)[0m  [1m[31mDELETE FROM "cats" WHERE "cats"."id" = ?[0m  [["id", 1]]
  ↳ app/controllers/cats_controller.rb:57:in `destroy'
  [1m[35m (3.7ms)[0m  [1m[36mcommit transaction[0m
  ↳ app/controllers/cats_controller.rb:57:in `destroy'
Redirected to http://localhost:3000/cats
Completed 302 Found in 7ms (ActiveRecord: 3.9ms | Allocations: 3469)


Started GET "/cats" for 127.0.0.1 at 2019-12-17 18:32:21 -0500
Processing by CatsController#index as HTML
  Rendering cats/index.html.erb within layouts/application
  [1m[36mCat Load (0.1ms)[0m  [1m[34mSELECT "cats".* FROM "cats"[0m
  ↳ app/views/cats/index.html.erb:15
  Rendered cats/index.html.erb within layouts/application (Duration: 0.9ms | Allocations: 742)
[Webpacker] Everything's up-to-date. Nothing to do
Completed 200 OK in 4ms (Views: 3.1ms | ActiveRecord: 0.1ms | Allocations: 4560)


  [1m[35m (0.2ms)[0m  [1m[34mSELECT sqlite_version(*)[0m
  [1m[35m (0.1ms)[0m  [1m[34mSELECT "schema_migrations"."version" FROM "schema_migrations" ORDER BY "schema_migrations"."version" ASC[0m
  [1m[35m (0.1ms)[0m  [1m[34mSELECT "ar_internal_metadata"."value" FROM "ar_internal_metadata" WHERE "ar_internal_metadata"."key" = ?[0m  [["key", "environment"]]
  [1m[35m (0.0ms)[0m  [1m[34mSELECT "schema_migrations"."version" FROM "schema_migrations" ORDER BY "schema_migrations"."version" ASC[0m
  [1m[35m (0.0ms)[0m  [1m[34mSELECT "ar_internal_metadata"."value" FROM "ar_internal_metadata" WHERE "ar_internal_metadata"."key" = ?[0m  [["key", "environment"]]
  [1m[35m (0.0ms)[0m  [1m[34mSELECT "schema_migrations"."version" FROM "schema_migrations" ORDER BY "schema_migrations"."version" ASC[0m
  [1m[35m (0.0ms)[0m  [1m[34mSELECT "ar_internal_metadata"."value" FROM "ar_internal_metadata" WHERE "ar_internal_metadata"."key" = ?[0m  [["key", "environment"]]
  [1m[35m (0.2ms)[0m  [1m[34mSELECT sqlite_version(*)[0m
  [1m[35m (12.7ms)[0m  [1m[35mCREATE TABLE "schema_migrations" ("version" varchar NOT NULL PRIMARY KEY)[0m
  [1m[35m (6.6ms)[0m  [1m[35mCREATE TABLE "ar_internal_metadata" ("key" varchar NOT NULL PRIMARY KEY, "value" varchar, "created_at" datetime(6) NOT NULL, "updated_at" datetime(6) NOT NULL)[0m
  [1m[35m (0.1ms)[0m  [1m[34mSELECT "schema_migrations"."version" FROM "schema_migrations" ORDER BY "schema_migrations"."version" ASC[0m
Migrating to CreateCats (20191217233456)
  [1m[35m (0.0ms)[0m  [1m[36mbegin transaction[0m
  [1m[35m (0.1ms)[0m  [1m[35mCREATE TABLE "cats" ("id" integer PRIMARY KEY AUTOINCREMENT NOT NULL, "name" varchar, "number_of_lives" integer, "created_at" datetime(6) NOT NULL, "updated_at" datetime(6) NOT NULL)[0m
  [1m[36mprimary::SchemaMigration Create (0.1ms)[0m  [1m[32mINSERT INTO "schema_migrations" ("version") VALUES (?)[0m  [["version", "20191217233456"]]
  [1m[35m (6.3ms)[0m  [1m[36mcommit transaction[0m
  [1m[36mActiveRecord::InternalMetadata Load (0.1ms)[0m  [1m[34mSELECT "ar_internal_metadata".* FROM "ar_internal_metadata" WHERE "ar_internal_metadata"."key" = ? LIMIT ?[0m  [["key", "environment"], ["LIMIT", 1]]
  [1m[35m (0.1ms)[0m  [1m[36mbegin transaction[0m
  [1m[36mActiveRecord::InternalMetadata Create (0.1ms)[0m  [1m[32mINSERT INTO "ar_internal_metadata" ("key", "value", "created_at", "updated_at") VALUES (?, ?, ?, ?)[0m  [["key", "environment"], ["value", "development"], ["created_at", "2019-12-17 23:37:11.317601"], ["updated_at", "2019-12-17 23:37:11.317601"]]
  [1m[35m (4.2ms)[0m  [1m[36mcommit transaction[0m
  [1m[35m (0.0ms)[0m  [1m[34mSELECT sqlite_version(*)[0m
  [1m[35m (0.1ms)[0m  [1m[34mSELECT "schema_migrations"."version" FROM "schema_migrations" ORDER BY "schema_migrations"."version" ASC[0m
  [1m[35m (0.2ms)[0m  [1m[34mSELECT sqlite_version(*)[0m
  [1m[36mCat Load (0.2ms)[0m  [1m[34mSELECT "cats".* FROM "cats" LIMIT ?[0m  [["LIMIT", 11]]
  [1m[35m (0.0ms)[0m  [1m[36mbegin transaction[0m
  [1m[36mCat Create (0.1ms)[0m  [1m[32mINSERT INTO "cats" ("name", "number_of_lives", "created_at", "updated_at") VALUES (?, ?, ?, ?)[0m  [["name", "Felis"], ["number_of_lives", 0], ["created_at", "2019-12-17 23:38:08.957045"], ["updated_at", "2019-12-17 23:38:08.957045"]]
  [1m[35m (10.5ms)[0m  [1m[36mcommit transaction[0m
  [1m[36mCat Load (0.1ms)[0m  [1m[34mSELECT "cats".* FROM "cats" LIMIT ?[0m  [["LIMIT", 11]]
  [1m[35m (0.2ms)[0m  [1m[34mSELECT sqlite_version(*)[0m
  [1m[35m (0.1ms)[0m  [1m[34mSELECT "schema_migrations"."version" FROM "schema_migrations" ORDER BY "schema_migrations"."version" ASC[0m
  [1m[35m (0.0ms)[0m  [1m[34mSELECT sqlite_version(*)[0m
  [1m[35m (0.0ms)[0m  [1m[36mbegin transaction[0m
  [1m[36mCat Create (0.2ms)[0m  [1m[32mINSERT INTO "cats" ("name", "created_at", "updated_at") VALUES (?, ?, ?)[0m  [["name", "FelixMinor"], ["created_at", "2019-12-17 23:39:08.907480"], ["updated_at", "2019-12-17 23:39:08.907480"]]
  [1m[35m (10.5ms)[0m  [1m[36mcommit transaction[0m
  [1m[35m (0.0ms)[0m  [1m[36mbegin transaction[0m
  [1m[36mCat Create (0.2ms)[0m  [1m[32mINSERT INTO "cats" ("name", "created_at", "updated_at") VALUES (?, ?, ?)[0m  [["name", "FelixMajor"], ["created_at", "2019-12-17 23:39:08.920096"], ["updated_at", "2019-12-17 23:39:08.920096"]]
  [1m[35m (4.4ms)[0m  [1m[36mcommit transaction[0m
  [1m[35m (0.2ms)[0m  [1m[34mSELECT sqlite_version(*)[0m
  [1m[36mCat Load (0.1ms)[0m  [1m[34mSELECT "cats".* FROM "cats" LIMIT ?[0m  [["LIMIT", 11]]
  [1m[36mCat Load (1.0ms)[0m  [1m[34mSELECT "cats".* FROM "cats"[0m
  [1m[36mCat Load (0.2ms)[0m  [1m[34mSELECT "cats".* FROM "cats" LIMIT ?[0m  [["LIMIT", 11]]
  [1m[36mCat Load (0.1ms)[0m  [1m[34mSELECT "cats".* FROM "cats"[0m
  [1m[35m (0.2ms)[0m  [1m[34mSELECT sqlite_version(*)[0m
  [1m[35m (0.1ms)[0m  [1m[34mSELECT "schema_migrations"."version" FROM "schema_migrations" ORDER BY "schema_migrations"."version" ASC[0m
Migrating to CreateOwners (20191217234049)
  [1m[35m (0.0ms)[0m  [1m[36mbegin transaction[0m
  [1m[35m (0.2ms)[0m  [1m[35mCREATE TABLE "owners" ("id" integer PRIMARY KEY AUTOINCREMENT NOT NULL, "name" varchar, "created_at" datetime(6) NOT NULL, "updated_at" datetime(6) NOT NULL)[0m
  [1m[36mprimary::SchemaMigration Create (0.1ms)[0m  [1m[32mINSERT INTO "schema_migrations" ("version") VALUES (?)[0m  [["version", "20191217234049"]]
  [1m[35m (12.6ms)[0m  [1m[36mcommit transaction[0m
Migrating to AddOwnerIdToCats (20191217234109)
  [1m[35m (0.0ms)[0m  [1m[36mbegin transaction[0m
  [1m[35m (0.2ms)[0m  [1m[35mALTER TABLE "cats" ADD "owner_id" integer[0m
  [1m[36mprimary::SchemaMigration Create (0.1ms)[0m  [1m[32mINSERT INTO "schema_migrations" ("version") VALUES (?)[0m  [["version", "20191217234109"]]
  [1m[35m (4.3ms)[0m  [1m[36mcommit transaction[0m
  [1m[36mActiveRecord::InternalMetadata Load (0.1ms)[0m  [1m[34mSELECT "ar_internal_metadata".* FROM "ar_internal_metadata" WHERE "ar_internal_metadata"."key" = ? LIMIT ?[0m  [["key", "environment"], ["LIMIT", 1]]
  [1m[35m (0.0ms)[0m  [1m[34mSELECT sqlite_version(*)[0m
  [1m[35m (0.0ms)[0m  [1m[34mSELECT "schema_migrations"."version" FROM "schema_migrations" ORDER BY "schema_migrations"."version" ASC[0m
  [1m[35m (0.2ms)[0m  [1m[34mSELECT sqlite_version(*)[0m
  [1m[35m (0.0ms)[0m  [1m[36mbegin transaction[0m
  [1m[36mOwner Create (0.2ms)[0m  [1m[32mINSERT INTO "owners" ("name", "created_at", "updated_at") VALUES (?, ?, ?)[0m  [["name", "Jake"], ["created_at", "2019-12-17 23:45:48.391776"], ["updated_at", "2019-12-17 23:45:48.391776"]]
  [1m[35m (10.6ms)[0m  [1m[36mcommit transaction[0m
  [1m[36mCat Load (0.2ms)[0m  [1m[34mSELECT "cats".* FROM "cats"[0m
  [1m[36mCat Load (0.2ms)[0m  [1m[34mSELECT "cats".* FROM "cats" WHERE "cats"."id" = ? LIMIT ?[0m  [["id", 2], ["LIMIT", 1]]
  [1m[36mCat Load (0.1ms)[0m  [1m[34mSELECT "cats".* FROM "cats"[0m
  [1m[36mCat Load (0.1ms)[0m  [1m[34mSELECT "cats".* FROM "cats" WHERE "cats"."id" = ? LIMIT ?[0m  [["id", 2], ["LIMIT", 1]]
  [1m[35m (0.0ms)[0m  [1m[36mbegin transaction[0m
  [1m[36mCat Update (0.1ms)[0m  [1m[33mUPDATE "cats" SET "owner_id" = ?, "updated_at" = ? WHERE "cats"."id" = ?[0m  [["owner_id", 1], ["updated_at", "2019-12-17 23:46:18.613518"], ["id", 2]]
  [1m[35m (10.5ms)[0m  [1m[36mcommit transaction[0m
  [1m[36mCat Load (0.1ms)[0m  [1m[34mSELECT "cats".* FROM "cats"[0m
  [1m[36mCat Load (0.1ms)[0m  [1m[34mSELECT "cats".* FROM "cats" WHERE "cats"."id" = ? LIMIT ?[0m  [["id", 2], ["LIMIT", 1]]
  [1m[36mOwner Load (0.2ms)[0m  [1m[34mSELECT "owners".* FROM "owners" WHERE "owners"."id" = ? LIMIT ?[0m  [["id", 1], ["LIMIT", 1]]
  [1m[35m (0.0ms)[0m  [1m[34mSELECT sqlite_version(*)[0m
Started GET "/cats" for 127.0.0.1 at 2019-12-17 18:53:50 -0500
  [1m[35m (0.2ms)[0m  [1m[34mSELECT sqlite_version(*)[0m
  [1m[35m (0.1ms)[0m  [1m[34mSELECT "schema_migrations"."version" FROM "schema_migrations" ORDER BY "schema_migrations"."version" ASC[0m
Processing by CatsController#index as HTML
  Rendering cats/index.html.erb within layouts/application
  Rendered cats/index.html.erb within layouts/application (Duration: 0.3ms | Allocations: 200)
[Webpacker] Everything's up-to-date. Nothing to do
Completed 200 OK in 34ms (Views: 30.1ms | ActiveRecord: 0.0ms | Allocations: 8317)


Started GET "/cats/new" for 127.0.0.1 at 2019-12-17 18:54:09 -0500
Processing by CatsController#new as HTML
Completed 406 Not Acceptable in 1ms (ActiveRecord: 0.0ms | Allocations: 1951)


  
ActionController::MissingExactTemplate (CatsController#new is missing a template for request formats: text/html):
  
actionpack (6.0.2) lib/action_controller/metal/implicit_render.rb:45:in `default_render'
actionpack (6.0.2) lib/action_controller/metal/basic_implicit_render.rb:6:in `block in send_action'
actionpack (6.0.2) lib/action_controller/metal/basic_implicit_render.rb:6:in `tap'
actionpack (6.0.2) lib/action_controller/metal/basic_implicit_render.rb:6:in `send_action'
actionpack (6.0.2) lib/abstract_controller/base.rb:196:in `process_action'
actionpack (6.0.2) lib/action_controller/metal/rendering.rb:30:in `process_action'
actionpack (6.0.2) lib/abstract_controller/callbacks.rb:42:in `block in process_action'
activesupport (6.0.2) lib/active_support/callbacks.rb:135:in `run_callbacks'
actionpack (6.0.2) lib/abstract_controller/callbacks.rb:41:in `process_action'
actionpack (6.0.2) lib/action_controller/metal/rescue.rb:22:in `process_action'
actionpack (6.0.2) lib/action_controller/metal/instrumentation.rb:33:in `block in process_action'
activesupport (6.0.2) lib/active_support/notifications.rb:180:in `block in instrument'
activesupport (6.0.2) lib/active_support/notifications/instrumenter.rb:24:in `instrument'
activesupport (6.0.2) lib/active_support/notifications.rb:180:in `instrument'
actionpack (6.0.2) lib/action_controller/metal/instrumentation.rb:32:in `process_action'
actionpack (6.0.2) lib/action_controller/metal/params_wrapper.rb:245:in `process_action'
activerecord (6.0.2) lib/active_record/railties/controller_runtime.rb:27:in `process_action'
actionpack (6.0.2) lib/abstract_controller/base.rb:136:in `process'
actionview (6.0.2) lib/action_view/rendering.rb:39:in `process'
actionpack (6.0.2) lib/action_controller/metal.rb:191:in `dispatch'
actionpack (6.0.2) lib/action_controller/metal.rb:252:in `dispatch'
actionpack (6.0.2) lib/action_dispatch/routing/route_set.rb:51:in `dispatch'
actionpack (6.0.2) lib/action_dispatch/routing/route_set.rb:33:in `serve'
actionpack (6.0.2) lib/action_dispatch/journey/router.rb:49:in `block in serve'
actionpack (6.0.2) lib/action_dispatch/journey/router.rb:32:in `each'
actionpack (6.0.2) lib/action_dispatch/journey/router.rb:32:in `serve'
actionpack (6.0.2) lib/action_dispatch/routing/route_set.rb:837:in `call'
rack (2.0.7) lib/rack/tempfile_reaper.rb:15:in `call'
rack (2.0.7) lib/rack/etag.rb:25:in `call'
rack (2.0.7) lib/rack/conditional_get.rb:25:in `call'
rack (2.0.7) lib/rack/head.rb:12:in `call'
actionpack (6.0.2) lib/action_dispatch/http/content_security_policy.rb:18:in `call'
rack (2.0.7) lib/rack/session/abstract/id.rb:232:in `context'
rack (2.0.7) lib/rack/session/abstract/id.rb:226:in `call'
actionpack (6.0.2) lib/action_dispatch/middleware/cookies.rb:648:in `call'
activerecord (6.0.2) lib/active_record/migration.rb:567:in `call'
actionpack (6.0.2) lib/action_dispatch/middleware/callbacks.rb:27:in `block in call'
activesupport (6.0.2) lib/active_support/callbacks.rb:101:in `run_callbacks'
actionpack (6.0.2) lib/action_dispatch/middleware/callbacks.rb:26:in `call'
actionpack (6.0.2) lib/action_dispatch/middleware/executor.rb:14:in `call'
actionpack (6.0.2) lib/action_dispatch/middleware/actionable_exceptions.rb:17:in `call'
actionpack (6.0.2) lib/action_dispatch/middleware/debug_exceptions.rb:32:in `call'
web-console (4.0.1) lib/web_console/middleware.rb:132:in `call_app'
web-console (4.0.1) lib/web_console/middleware.rb:28:in `block in call'
web-console (4.0.1) lib/web_console/middleware.rb:17:in `catch'
web-console (4.0.1) lib/web_console/middleware.rb:17:in `call'
actionpack (6.0.2) lib/action_dispatch/middleware/show_exceptions.rb:33:in `call'
railties (6.0.2) lib/rails/rack/logger.rb:38:in `call_app'
railties (6.0.2) lib/rails/rack/logger.rb:26:in `block in call'
activesupport (6.0.2) lib/active_support/tagged_logging.rb:80:in `block in tagged'
activesupport (6.0.2) lib/active_support/tagged_logging.rb:28:in `tagged'
activesupport (6.0.2) lib/active_support/tagged_logging.rb:80:in `tagged'
railties (6.0.2) lib/rails/rack/logger.rb:26:in `call'
sprockets-rails (3.2.1) lib/sprockets/rails/quiet_assets.rb:13:in `call'
actionpack (6.0.2) lib/action_dispatch/middleware/remote_ip.rb:81:in `call'
actionpack (6.0.2) lib/action_dispatch/middleware/request_id.rb:27:in `call'
rack (2.0.7) lib/rack/method_override.rb:22:in `call'
rack (2.0.7) lib/rack/runtime.rb:22:in `call'
activesupport (6.0.2) lib/active_support/cache/strategy/local_cache_middleware.rb:29:in `call'
actionpack (6.0.2) lib/action_dispatch/middleware/executor.rb:14:in `call'
actionpack (6.0.2) lib/action_dispatch/middleware/static.rb:126:in `call'
rack (2.0.7) lib/rack/sendfile.rb:111:in `call'
actionpack (6.0.2) lib/action_dispatch/middleware/host_authorization.rb:83:in `call'
webpacker (4.2.2) lib/webpacker/dev_server_proxy.rb:23:in `perform_request'
rack-proxy (0.6.5) lib/rack/proxy.rb:57:in `call'
railties (6.0.2) lib/rails/engine.rb:526:in `call'
puma (4.3.1) lib/puma/configuration.rb:228:in `call'
puma (4.3.1) lib/puma/server.rb:681:in `handle_request'
puma (4.3.1) lib/puma/server.rb:472:in `process_client'
puma (4.3.1) lib/puma/server.rb:328:in `block in run'
puma (4.3.1) lib/puma/thread_pool.rb:134:in `block in spawn_thread'
Started GET "/cats/new" for 127.0.0.1 at 2019-12-17 18:54:29 -0500
Processing by CatsController#new as HTML
  Rendering cats/new.html.erb within layouts/application
  Rendered cats/new.html.erb within layouts/application (Duration: 0.1ms | Allocations: 82)
[Webpacker] Everything's up-to-date. Nothing to do
Completed 200 OK in 3ms (Views: 2.8ms | ActiveRecord: 0.0ms | Allocations: 4852)


